2022-09-12 14:40:03.691 INFO  [main] ru.itm.bkdb.BkdbApplication Line:55  - Starting BkdbApplication using Java 17.0.2 on ubuntu with PID 86301 (/mnt/hgfs/YD/ITMiningYD/12/bk/bkdb/build/classes/java/main started by itm in /mnt/hgfs/YD/ITMiningYD/12/bk/bkdb)
2022-09-12 14:40:03.706 INFO  [main] ru.itm.bkdb.BkdbApplication Line:640 - The following 1 profile is active: "mainProfile"
2022-09-12 14:40:07.586 INFO  [main] org.springframework.data.repository.config.RepositoryConfigurationDelegate Line:132 - Bootstrapping Spring Data JPA repositories in DEFAULT mode.
2022-09-12 14:40:08.933 INFO  [main] org.springframework.data.repository.config.RepositoryConfigurationDelegate Line:201 - Finished Spring Data repository scanning in 1308 ms. Found 57 JPA repository interfaces.
2022-09-12 14:40:11.372 INFO  [main] org.springframework.boot.web.embedded.tomcat.TomcatWebServer Line:108 - Tomcat initialized with port(s): 2700 (http)
2022-09-12 14:40:11.404 INFO  [main] org.apache.coyote.http11.Http11NioProtocol Line:173 - Initializing ProtocolHandler ["http-nio-2700"]
2022-09-12 14:40:11.407 INFO  [main] org.apache.catalina.core.StandardService Line:173 - Starting service [Tomcat]
2022-09-12 14:40:11.408 INFO  [main] org.apache.catalina.core.StandardEngine Line:173 - Starting Servlet engine: [Apache Tomcat/9.0.65]
2022-09-12 14:40:11.907 INFO  [main] org.apache.catalina.core.ContainerBase.[Tomcat].[localhost].[/] Line:173 - Initializing Spring embedded WebApplicationContext
2022-09-12 14:40:11.908 INFO  [main] org.springframework.boot.web.servlet.context.ServletWebServerApplicationContext Line:292 - Root WebApplicationContext: initialization completed in 7947 ms
2022-09-12 14:40:13.509 INFO  [main] org.hibernate.jpa.internal.util.LogHelper Line:31  - HHH000204: Processing PersistenceUnitInfo [name: default]
2022-09-12 14:40:13.719 INFO  [main] org.hibernate.Version Line:44  - HHH000412: Hibernate ORM core version 5.6.10.Final
2022-09-12 14:40:14.352 INFO  [main] org.hibernate.annotations.common.Version Line:56  - HCANN000001: Hibernate Commons Annotations {5.1.2.Final}
2022-09-12 14:40:14.858 INFO  [main] com.zaxxer.hikari.HikariDataSource Line:110 - HikariPool-1 - Starting...
2022-09-12 14:40:27.326 INFO  [main] com.zaxxer.hikari.HikariDataSource Line:123 - HikariPool-1 - Start completed.
2022-09-12 14:40:27.425 INFO  [main] org.hibernate.dialect.Dialect Line:175 - HHH000400: Using dialect: org.hibernate.dialect.H2Dialect
2022-09-12 14:40:30.757 INFO  [main] org.hibernate.engine.transaction.jta.platform.internal.JtaPlatformInitiator Line:52  - HHH000490: Using JtaPlatform implementation: [org.hibernate.engine.transaction.jta.platform.internal.NoJtaPlatform]
2022-09-12 14:40:30.794 INFO  [main] org.springframework.orm.jpa.LocalContainerEntityManagerFactoryBean Line:437 - Initialized JPA EntityManagerFactory for persistence unit 'default'
2022-09-12 14:40:38.361 INFO  [main] org.apache.coyote.http11.Http11NioProtocol Line:173 - Starting ProtocolHandler ["http-nio-2700"]
2022-09-12 14:40:38.470 INFO  [main] org.springframework.boot.web.embedded.tomcat.TomcatWebServer Line:220 - Tomcat started on port(s): 2700 (http) with context path ''
2022-09-12 14:40:38.705 INFO  [main] org.springframework.boot.web.embedded.tomcat.TomcatWebServer Line:108 - Tomcat initialized with port(s): 10055 (http)
2022-09-12 14:40:38.707 INFO  [main] org.apache.coyote.http11.Http11NioProtocol Line:173 - Initializing ProtocolHandler ["http-nio-10055"]
2022-09-12 14:40:38.709 INFO  [main] org.apache.catalina.core.StandardService Line:173 - Starting service [Tomcat]
2022-09-12 14:40:38.710 INFO  [main] org.apache.catalina.core.StandardEngine Line:173 - Starting Servlet engine: [Apache Tomcat/9.0.65]
2022-09-12 14:40:38.787 INFO  [main] org.apache.catalina.core.ContainerBase.[Tomcat-1].[localhost].[/] Line:173 - Initializing Spring embedded WebApplicationContext
2022-09-12 14:40:38.788 INFO  [main] org.springframework.boot.web.servlet.context.ServletWebServerApplicationContext Line:292 - Root WebApplicationContext: initialization completed in 300 ms
2022-09-12 14:40:38.809 INFO  [main] org.springframework.boot.actuate.endpoint.web.EndpointLinksResolver Line:58  - Exposing 14 endpoint(s) beneath base path '/actuator'
2022-09-12 14:40:38.888 INFO  [main] org.apache.coyote.http11.Http11NioProtocol Line:173 - Starting ProtocolHandler ["http-nio-10055"]
2022-09-12 14:40:38.926 INFO  [main] org.springframework.boot.web.embedded.tomcat.TomcatWebServer Line:220 - Tomcat started on port(s): 10055 (http) with context path ''
2022-09-12 14:40:38.972 INFO  [main] ru.itm.bkdb.BkdbApplication Line:61  - Started BkdbApplication in 37.247 seconds (JVM running for 42.555)
2022-09-12 14:40:38.987 INFO  [main] ru.itm.bkdb.controllers.UpdateController Line:94  - 
init = false
2022-09-12 14:40:49.960 INFO  [scheduling-1] ru.itm.bkdb.controllers.UpdateController Line:211 - Response. Begin updating these tables :
	 {equipment=[27]}
2022-09-12 14:40:49.971 INFO  [scheduling-1] ru.itm.bkdb.controllers.UpdateController Line:217 - 
Update the table : equipment
2022-09-12 14:40:49.977 INFO  [scheduling-1] ru.itm.bkdb.controllers.UpdateController Line:218 - http://main:2600/api/v1/192.168.100.21/update/equipment
2022-09-12 14:40:50.019 INFO  [scheduling-1] ru.itm.bkdb.network.Request Line:38  - Response. The update came :	 ru.itm.bkdb.udp.DBModelContainer@7a471ca3
2022-09-12 14:40:50.853 INFO  [scheduling-1] ru.itm.bkdb.controllers.UpdateController Line:320 - equipment = 27 in (TableVersion). The version of the table in the database has been updated.
2022-09-12 14:40:50.855 INFO  [scheduling-1] ru.itm.bkdb.controllers.UpdateController Line:240 - Table 'equipment'  has been updated.
2022-09-12 14:40:50.856 INFO  [scheduling-1] ru.itm.bkdb.controllers.UpdateController Line:263 - All tables have been updated
2022-09-12 14:45:15.562 INFO  [scheduling-1] ru.itm.bkdb.controllers.UpdateController Line:147 - Thread.sleep(10000) прерван.
2022-09-12 14:45:15.587 INFO  [SpringApplicationShutdownHook] org.springframework.orm.jpa.LocalContainerEntityManagerFactoryBean Line:651 - Closing JPA EntityManagerFactory for persistence unit 'default'
2022-09-12 14:45:15.590 INFO  [SpringApplicationShutdownHook] com.zaxxer.hikari.HikariDataSource Line:350 - HikariPool-1 - Shutdown initiated...
2022-09-12 14:45:15.927 INFO  [SpringApplicationShutdownHook] com.zaxxer.hikari.HikariDataSource Line:352 - HikariPool-1 - Shutdown completed.
