2022-10-02 15:40:20.270 INFO  [main] ru.itm.bkdb.BkdbApplication Line:55  - Starting BkdbApplication using Java 17.0.2 on itmComp with PID 35986 (/home/itm/yd/ITMiningYD/12/bk/bkdb/build/classes/java/main started by itm in /home/itm/yd/ITMiningYD/12/bk/bkdb)
2022-10-02 15:40:20.271 INFO  [main] ru.itm.bkdb.BkdbApplication Line:640 - The following 1 profile is active: "mainProfile"
2022-10-02 15:40:21.789 INFO  [main] org.springframework.data.repository.config.RepositoryConfigurationDelegate Line:132 - Bootstrapping Spring Data JPA repositories in DEFAULT mode.
2022-10-02 15:40:21.912 INFO  [main] org.springframework.data.repository.config.RepositoryConfigurationDelegate Line:201 - Finished Spring Data repository scanning in 114 ms. Found 61 JPA repository interfaces.
2022-10-02 15:40:22.480 INFO  [main] org.springframework.boot.web.embedded.tomcat.TomcatWebServer Line:108 - Tomcat initialized with port(s): 2700 (http)
2022-10-02 15:40:22.487 INFO  [main] org.apache.coyote.http11.Http11NioProtocol Line:173 - Initializing ProtocolHandler ["http-nio-2700"]
2022-10-02 15:40:22.487 INFO  [main] org.apache.catalina.core.StandardService Line:173 - Starting service [Tomcat]
2022-10-02 15:40:22.488 INFO  [main] org.apache.catalina.core.StandardEngine Line:173 - Starting Servlet engine: [Apache Tomcat/9.0.65]
2022-10-02 15:40:22.560 INFO  [main] org.apache.catalina.core.ContainerBase.[Tomcat].[localhost].[/] Line:173 - Initializing Spring embedded WebApplicationContext
2022-10-02 15:40:22.560 INFO  [main] org.springframework.boot.web.servlet.context.ServletWebServerApplicationContext Line:292 - Root WebApplicationContext: initialization completed in 2154 ms
2022-10-02 15:40:22.865 INFO  [main] org.hibernate.jpa.internal.util.LogHelper Line:31  - HHH000204: Processing PersistenceUnitInfo [name: default]
2022-10-02 15:40:22.897 INFO  [main] org.hibernate.Version Line:44  - HHH000412: Hibernate ORM core version 5.6.10.Final
2022-10-02 15:40:23.057 INFO  [main] org.hibernate.annotations.common.Version Line:56  - HCANN000001: Hibernate Commons Annotations {5.1.2.Final}
2022-10-02 15:40:23.157 INFO  [main] com.zaxxer.hikari.HikariDataSource Line:110 - HikariPool-1 - Starting...
2022-10-02 15:40:23.225 INFO  [main] com.zaxxer.hikari.HikariDataSource Line:123 - HikariPool-1 - Start completed.
2022-10-02 15:40:23.250 INFO  [main] org.hibernate.dialect.Dialect Line:175 - HHH000400: Using dialect: org.hibernate.dialect.H2Dialect
2022-10-02 15:40:24.093 INFO  [main] org.hibernate.engine.transaction.jta.platform.internal.JtaPlatformInitiator Line:52  - HHH000490: Using JtaPlatform implementation: [org.hibernate.engine.transaction.jta.platform.internal.NoJtaPlatform]
2022-10-02 15:40:24.100 INFO  [main] org.springframework.orm.jpa.LocalContainerEntityManagerFactoryBean Line:437 - Initialized JPA EntityManagerFactory for persistence unit 'default'
2022-10-02 15:40:25.983 INFO  [main] org.apache.coyote.http11.Http11NioProtocol Line:173 - Starting ProtocolHandler ["http-nio-2700"]
2022-10-02 15:40:25.993 INFO  [main] org.springframework.boot.web.embedded.tomcat.TomcatWebServer Line:220 - Tomcat started on port(s): 2700 (http) with context path ''
2022-10-02 15:40:26.045 INFO  [main] org.springframework.boot.web.embedded.tomcat.TomcatWebServer Line:108 - Tomcat initialized with port(s): 10055 (http)
2022-10-02 15:40:26.046 INFO  [main] org.apache.coyote.http11.Http11NioProtocol Line:173 - Initializing ProtocolHandler ["http-nio-10055"]
2022-10-02 15:40:26.047 INFO  [main] org.apache.catalina.core.StandardService Line:173 - Starting service [Tomcat]
2022-10-02 15:40:26.047 INFO  [main] org.apache.catalina.core.StandardEngine Line:173 - Starting Servlet engine: [Apache Tomcat/9.0.65]
2022-10-02 15:40:26.057 INFO  [main] org.apache.catalina.core.ContainerBase.[Tomcat-1].[localhost].[/] Line:173 - Initializing Spring embedded WebApplicationContext
2022-10-02 15:40:26.057 INFO  [main] org.springframework.boot.web.servlet.context.ServletWebServerApplicationContext Line:292 - Root WebApplicationContext: initialization completed in 61 ms
2022-10-02 15:40:26.067 INFO  [main] org.springframework.boot.actuate.endpoint.web.EndpointLinksResolver Line:58  - Exposing 14 endpoint(s) beneath base path '/actuator'
2022-10-02 15:40:26.100 INFO  [main] org.apache.coyote.http11.Http11NioProtocol Line:173 - Starting ProtocolHandler ["http-nio-10055"]
2022-10-02 15:40:26.102 INFO  [main] org.springframework.boot.web.embedded.tomcat.TomcatWebServer Line:220 - Tomcat started on port(s): 10055 (http) with context path ''
2022-10-02 15:40:26.119 INFO  [main] ru.itm.bkdb.BkdbApplication Line:61  - Started BkdbApplication in 6.866 seconds (JVM running for 7.38)
2022-10-02 15:40:26.126 INFO  [main] ru.itm.bkdb.controllers.UpdateController Line:96  - 
init = false
2022-10-02 15:40:26.259 INFO  [RMI TCP Connection(4)-127.0.0.1] org.apache.catalina.core.ContainerBase.[Tomcat].[localhost].[/] Line:173 - Initializing Spring DispatcherServlet 'dispatcherServlet'
2022-10-02 15:40:26.259 INFO  [RMI TCP Connection(4)-127.0.0.1] org.springframework.web.servlet.DispatcherServlet Line:525 - Initializing Servlet 'dispatcherServlet'
2022-10-02 15:40:26.262 INFO  [RMI TCP Connection(4)-127.0.0.1] org.springframework.web.servlet.DispatcherServlet Line:547 - Completed initialization in 3 ms
2022-10-02 15:40:46.524 INFO  [scheduling-1] ru.itm.bkdb.controllers.UpdateController Line:195 - No write
2022-10-02 15:40:46.907 INFO  [scheduling-1] ru.itm.bkdb.controllers.UpdateController Line:310 - Response. Begin updating these tables :
	 {}
2022-10-02 15:40:46.908 INFO  [scheduling-1] ru.itm.bkdb.controllers.UpdateController Line:362 - All tables have been updated
2022-10-02 15:45:46.537 INFO  [scheduling-1] ru.itm.bkdb.controllers.UpdateController Line:195 - No write
2022-10-02 15:50:46.556 INFO  [scheduling-1] ru.itm.bkdb.controllers.UpdateController Line:195 - No write
2022-10-02 15:55:49.073 INFO  [scheduling-1] ru.itm.bkdb.controllers.UpdateController Line:226 - response.hasBody() && response.getBody() == 1 -> true
2022-10-02 15:55:49.073 INFO  [scheduling-1] ru.itm.bkdb.controllers.UpdateController Line:183 - data is write in server
2022-10-02 15:55:49.115 INFO  [scheduling-1] ru.itm.bkdb.controllers.UpdateController Line:191 - Table 'trans_keys_cycle' is cleaned.
2022-10-02 16:00:09.541 INFO  [scheduling-1] ru.itm.bkdb.controllers.UpdateController Line:310 - Response. Begin updating these tables :
	 {}
2022-10-02 16:00:09.541 INFO  [scheduling-1] ru.itm.bkdb.controllers.UpdateController Line:362 - All tables have been updated
2022-10-02 16:00:50.161 INFO  [scheduling-1] ru.itm.bkdb.controllers.UpdateController Line:226 - response.hasBody() && response.getBody() == 1 -> true
2022-10-02 16:00:50.162 INFO  [scheduling-1] ru.itm.bkdb.controllers.UpdateController Line:183 - data is write in server
2022-10-02 16:00:50.171 INFO  [scheduling-1] ru.itm.bkdb.controllers.UpdateController Line:191 - Table 'trans_keys_cycle' is cleaned.
2022-10-02 16:05:52.114 INFO  [scheduling-1] ru.itm.bkdb.controllers.UpdateController Line:226 - response.hasBody() && response.getBody() == 1 -> true
2022-10-02 16:05:52.114 INFO  [scheduling-1] ru.itm.bkdb.controllers.UpdateController Line:183 - data is write in server
2022-10-02 16:05:52.136 INFO  [scheduling-1] ru.itm.bkdb.controllers.UpdateController Line:191 - Table 'trans_keys_cycle' is cleaned.
2022-10-02 16:10:53.509 INFO  [scheduling-1] ru.itm.bkdb.controllers.UpdateController Line:226 - response.hasBody() && response.getBody() == 1 -> true
2022-10-02 16:10:53.509 INFO  [scheduling-1] ru.itm.bkdb.controllers.UpdateController Line:183 - data is write in server
2022-10-02 16:10:53.527 INFO  [scheduling-1] ru.itm.bkdb.controllers.UpdateController Line:191 - Table 'trans_keys_cycle' is cleaned.
2022-10-02 16:15:55.980 INFO  [scheduling-1] ru.itm.bkdb.controllers.UpdateController Line:226 - response.hasBody() && response.getBody() == 1 -> true
2022-10-02 16:15:55.980 INFO  [scheduling-1] ru.itm.bkdb.controllers.UpdateController Line:183 - data is write in server
2022-10-02 16:15:55.999 INFO  [scheduling-1] ru.itm.bkdb.controllers.UpdateController Line:191 - Table 'trans_keys_cycle' is cleaned.
2022-10-02 16:20:57.252 INFO  [scheduling-1] ru.itm.bkdb.controllers.UpdateController Line:226 - response.hasBody() && response.getBody() == 1 -> true
2022-10-02 16:20:57.252 INFO  [scheduling-1] ru.itm.bkdb.controllers.UpdateController Line:183 - data is write in server
2022-10-02 16:20:57.266 INFO  [scheduling-1] ru.itm.bkdb.controllers.UpdateController Line:191 - Table 'trans_keys_cycle' is cleaned.
2022-10-02 16:25:59.484 INFO  [scheduling-1] ru.itm.bkdb.controllers.UpdateController Line:226 - response.hasBody() && response.getBody() == 1 -> true
2022-10-02 16:25:59.485 INFO  [scheduling-1] ru.itm.bkdb.controllers.UpdateController Line:183 - data is write in server
2022-10-02 16:25:59.507 INFO  [scheduling-1] ru.itm.bkdb.controllers.UpdateController Line:191 - Table 'trans_keys_cycle' is cleaned.
2022-10-02 16:31:01.837 INFO  [scheduling-1] ru.itm.bkdb.controllers.UpdateController Line:226 - response.hasBody() && response.getBody() == 1 -> true
2022-10-02 16:31:01.837 INFO  [scheduling-1] ru.itm.bkdb.controllers.UpdateController Line:183 - data is write in server
2022-10-02 16:31:01.852 INFO  [scheduling-1] ru.itm.bkdb.controllers.UpdateController Line:191 - Table 'trans_keys_cycle' is cleaned.
2022-10-02 16:36:03.591 INFO  [scheduling-1] ru.itm.bkdb.controllers.UpdateController Line:226 - response.hasBody() && response.getBody() == 1 -> true
2022-10-02 16:36:03.591 INFO  [scheduling-1] ru.itm.bkdb.controllers.UpdateController Line:183 - data is write in server
2022-10-02 16:36:03.611 INFO  [scheduling-1] ru.itm.bkdb.controllers.UpdateController Line:191 - Table 'trans_keys_cycle' is cleaned.
2022-10-02 16:41:07.079 INFO  [scheduling-1] ru.itm.bkdb.controllers.UpdateController Line:226 - response.hasBody() && response.getBody() == 1 -> true
2022-10-02 16:41:07.079 INFO  [scheduling-1] ru.itm.bkdb.controllers.UpdateController Line:183 - data is write in server
2022-10-02 16:41:07.095 INFO  [scheduling-1] ru.itm.bkdb.controllers.UpdateController Line:191 - Table 'trans_keys_cycle' is cleaned.
2022-10-02 16:46:08.747 INFO  [scheduling-1] ru.itm.bkdb.controllers.UpdateController Line:226 - response.hasBody() && response.getBody() == 1 -> true
2022-10-02 16:46:08.748 INFO  [scheduling-1] ru.itm.bkdb.controllers.UpdateController Line:183 - data is write in server
2022-10-02 16:46:08.765 INFO  [scheduling-1] ru.itm.bkdb.controllers.UpdateController Line:191 - Table 'trans_keys_cycle' is cleaned.
2022-10-02 16:51:10.784 INFO  [scheduling-1] ru.itm.bkdb.controllers.UpdateController Line:226 - response.hasBody() && response.getBody() == 1 -> true
2022-10-02 16:51:10.785 INFO  [scheduling-1] ru.itm.bkdb.controllers.UpdateController Line:183 - data is write in server
2022-10-02 16:51:10.800 INFO  [scheduling-1] ru.itm.bkdb.controllers.UpdateController Line:191 - Table 'trans_keys_cycle' is cleaned.
2022-10-02 16:56:12.932 INFO  [scheduling-1] ru.itm.bkdb.controllers.UpdateController Line:226 - response.hasBody() && response.getBody() == 1 -> true
2022-10-02 16:56:12.932 INFO  [scheduling-1] ru.itm.bkdb.controllers.UpdateController Line:183 - data is write in server
2022-10-02 16:56:12.947 INFO  [scheduling-1] ru.itm.bkdb.controllers.UpdateController Line:191 - Table 'trans_keys_cycle' is cleaned.
2022-10-02 17:00:03.393 INFO  [scheduling-1] ru.itm.bkdb.controllers.UpdateController Line:310 - Response. Begin updating these tables :
	 {}
2022-10-02 17:00:03.393 INFO  [scheduling-1] ru.itm.bkdb.controllers.UpdateController Line:362 - All tables have been updated
2022-10-02 17:01:15.199 INFO  [scheduling-1] ru.itm.bkdb.controllers.UpdateController Line:226 - response.hasBody() && response.getBody() == 1 -> true
2022-10-02 17:01:15.199 INFO  [scheduling-1] ru.itm.bkdb.controllers.UpdateController Line:183 - data is write in server
2022-10-02 17:01:15.213 INFO  [scheduling-1] ru.itm.bkdb.controllers.UpdateController Line:191 - Table 'trans_keys_cycle' is cleaned.
2022-10-02 17:06:15.222 INFO  [scheduling-1] ru.itm.bkdb.controllers.UpdateController Line:199 - No tables trans_ for update
2022-10-02 17:11:15.231 INFO  [scheduling-1] ru.itm.bkdb.controllers.UpdateController Line:199 - No tables trans_ for update
2022-10-02 17:16:15.237 INFO  [scheduling-1] ru.itm.bkdb.controllers.UpdateController Line:199 - No tables trans_ for update
2022-10-02 17:21:15.244 INFO  [scheduling-1] ru.itm.bkdb.controllers.UpdateController Line:199 - No tables trans_ for update
2022-10-02 17:26:15.254 INFO  [scheduling-1] ru.itm.bkdb.controllers.UpdateController Line:199 - No tables trans_ for update
2022-10-02 17:31:15.262 INFO  [scheduling-1] ru.itm.bkdb.controllers.UpdateController Line:199 - No tables trans_ for update
2022-10-02 17:36:15.272 INFO  [scheduling-1] ru.itm.bkdb.controllers.UpdateController Line:199 - No tables trans_ for update
2022-10-02 17:41:15.279 INFO  [scheduling-1] ru.itm.bkdb.controllers.UpdateController Line:199 - No tables trans_ for update
2022-10-02 17:46:15.289 INFO  [scheduling-1] ru.itm.bkdb.controllers.UpdateController Line:199 - No tables trans_ for update
2022-10-02 17:51:15.298 INFO  [scheduling-1] ru.itm.bkdb.controllers.UpdateController Line:199 - No tables trans_ for update
2022-10-02 17:56:15.308 INFO  [scheduling-1] ru.itm.bkdb.controllers.UpdateController Line:199 - No tables trans_ for update
2022-10-02 18:00:05.739 INFO  [scheduling-1] ru.itm.bkdb.controllers.UpdateController Line:310 - Response. Begin updating these tables :
	 {}
2022-10-02 18:00:05.740 INFO  [scheduling-1] ru.itm.bkdb.controllers.UpdateController Line:362 - All tables have been updated
2022-10-02 18:01:15.316 INFO  [scheduling-1] ru.itm.bkdb.controllers.UpdateController Line:199 - No tables trans_ for update
2022-10-02 18:06:15.326 INFO  [scheduling-1] ru.itm.bkdb.controllers.UpdateController Line:199 - No tables trans_ for update
2022-10-02 18:11:15.338 INFO  [scheduling-1] ru.itm.bkdb.controllers.UpdateController Line:199 - No tables trans_ for update
2022-10-02 18:16:15.345 INFO  [scheduling-1] ru.itm.bkdb.controllers.UpdateController Line:199 - No tables trans_ for update
2022-10-02 18:21:15.356 INFO  [scheduling-1] ru.itm.bkdb.controllers.UpdateController Line:199 - No tables trans_ for update
2022-10-02 18:26:15.366 INFO  [scheduling-1] ru.itm.bkdb.controllers.UpdateController Line:199 - No tables trans_ for update
2022-10-02 18:31:15.375 INFO  [scheduling-1] ru.itm.bkdb.controllers.UpdateController Line:199 - No tables trans_ for update
2022-10-02 18:36:15.385 INFO  [scheduling-1] ru.itm.bkdb.controllers.UpdateController Line:199 - No tables trans_ for update
2022-10-02 18:41:15.397 INFO  [scheduling-1] ru.itm.bkdb.controllers.UpdateController Line:199 - No tables trans_ for update
2022-10-02 18:46:15.407 INFO  [scheduling-1] ru.itm.bkdb.controllers.UpdateController Line:199 - No tables trans_ for update
2022-10-02 18:51:15.417 INFO  [scheduling-1] ru.itm.bkdb.controllers.UpdateController Line:199 - No tables trans_ for update
2022-10-02 18:53:20.885 INFO  [SpringApplicationShutdownHook] org.springframework.orm.jpa.LocalContainerEntityManagerFactoryBean Line:651 - Closing JPA EntityManagerFactory for persistence unit 'default'
2022-10-02 18:53:20.887 INFO  [SpringApplicationShutdownHook] com.zaxxer.hikari.HikariDataSource Line:350 - HikariPool-1 - Shutdown initiated...
2022-10-02 18:53:20.893 INFO  [SpringApplicationShutdownHook] com.zaxxer.hikari.HikariDataSource Line:352 - HikariPool-1 - Shutdown completed.
2022-10-02 23:24:20.609 INFO  [main] ru.itm.bkdb.BkdbApplication Line:55  - Starting BkdbApplication using Java 17.0.2 on itmComp with PID 178816 (/home/itm/yd/ITMiningYD/12/bk/bkdb/build/classes/java/main started by itm in /home/itm/yd/ITMiningYD/12/bk/bkdb)
2022-10-02 23:24:20.611 INFO  [main] ru.itm.bkdb.BkdbApplication Line:640 - The following 1 profile is active: "mainProfile"
2022-10-02 23:24:21.292 INFO  [main] org.springframework.data.repository.config.RepositoryConfigurationDelegate Line:132 - Bootstrapping Spring Data JPA repositories in DEFAULT mode.
2022-10-02 23:24:21.409 INFO  [main] org.springframework.data.repository.config.RepositoryConfigurationDelegate Line:201 - Finished Spring Data repository scanning in 110 ms. Found 61 JPA repository interfaces.
2022-10-02 23:24:21.939 INFO  [main] org.springframework.boot.web.embedded.tomcat.TomcatWebServer Line:108 - Tomcat initialized with port(s): 2700 (http)
2022-10-02 23:24:21.947 INFO  [main] org.apache.coyote.http11.Http11NioProtocol Line:173 - Initializing ProtocolHandler ["http-nio-2700"]
2022-10-02 23:24:21.948 INFO  [main] org.apache.catalina.core.StandardService Line:173 - Starting service [Tomcat]
2022-10-02 23:24:21.948 INFO  [main] org.apache.catalina.core.StandardEngine Line:173 - Starting Servlet engine: [Apache Tomcat/9.0.65]
2022-10-02 23:24:22.015 INFO  [main] org.apache.catalina.core.ContainerBase.[Tomcat].[localhost].[/] Line:173 - Initializing Spring embedded WebApplicationContext
2022-10-02 23:24:22.015 INFO  [main] org.springframework.boot.web.servlet.context.ServletWebServerApplicationContext Line:292 - Root WebApplicationContext: initialization completed in 1367 ms
2022-10-02 23:24:22.304 INFO  [main] org.hibernate.jpa.internal.util.LogHelper Line:31  - HHH000204: Processing PersistenceUnitInfo [name: default]
2022-10-02 23:24:22.338 INFO  [main] org.hibernate.Version Line:44  - HHH000412: Hibernate ORM core version 5.6.10.Final
2022-10-02 23:24:22.458 INFO  [main] org.hibernate.annotations.common.Version Line:56  - HCANN000001: Hibernate Commons Annotations {5.1.2.Final}
2022-10-02 23:24:22.550 INFO  [main] com.zaxxer.hikari.HikariDataSource Line:110 - HikariPool-1 - Starting...
2022-10-02 23:24:22.626 INFO  [main] com.zaxxer.hikari.HikariDataSource Line:123 - HikariPool-1 - Start completed.
2022-10-02 23:24:22.650 INFO  [main] org.hibernate.dialect.Dialect Line:175 - HHH000400: Using dialect: org.hibernate.dialect.H2Dialect
2022-10-02 23:24:23.470 INFO  [main] org.hibernate.engine.transaction.jta.platform.internal.JtaPlatformInitiator Line:52  - HHH000490: Using JtaPlatform implementation: [org.hibernate.engine.transaction.jta.platform.internal.NoJtaPlatform]
2022-10-02 23:24:23.476 INFO  [main] org.springframework.orm.jpa.LocalContainerEntityManagerFactoryBean Line:437 - Initialized JPA EntityManagerFactory for persistence unit 'default'
2022-10-02 23:24:25.419 INFO  [main] org.apache.coyote.http11.Http11NioProtocol Line:173 - Starting ProtocolHandler ["http-nio-2700"]
2022-10-02 23:24:25.431 INFO  [main] org.springframework.boot.web.embedded.tomcat.TomcatWebServer Line:220 - Tomcat started on port(s): 2700 (http) with context path ''
2022-10-02 23:24:25.485 INFO  [main] org.springframework.boot.web.embedded.tomcat.TomcatWebServer Line:108 - Tomcat initialized with port(s): 10055 (http)
2022-10-02 23:24:25.485 INFO  [main] org.apache.coyote.http11.Http11NioProtocol Line:173 - Initializing ProtocolHandler ["http-nio-10055"]
2022-10-02 23:24:25.486 INFO  [main] org.apache.catalina.core.StandardService Line:173 - Starting service [Tomcat]
2022-10-02 23:24:25.486 INFO  [main] org.apache.catalina.core.StandardEngine Line:173 - Starting Servlet engine: [Apache Tomcat/9.0.65]
2022-10-02 23:24:25.495 INFO  [main] org.apache.catalina.core.ContainerBase.[Tomcat-1].[localhost].[/] Line:173 - Initializing Spring embedded WebApplicationContext
2022-10-02 23:24:25.495 INFO  [main] org.springframework.boot.web.servlet.context.ServletWebServerApplicationContext Line:292 - Root WebApplicationContext: initialization completed in 61 ms
2022-10-02 23:24:25.506 INFO  [main] org.springframework.boot.actuate.endpoint.web.EndpointLinksResolver Line:58  - Exposing 14 endpoint(s) beneath base path '/actuator'
2022-10-02 23:24:25.539 INFO  [main] org.apache.coyote.http11.Http11NioProtocol Line:173 - Starting ProtocolHandler ["http-nio-10055"]
2022-10-02 23:24:25.543 INFO  [main] org.springframework.boot.web.embedded.tomcat.TomcatWebServer Line:220 - Tomcat started on port(s): 10055 (http) with context path ''
2022-10-02 23:24:25.559 INFO  [main] ru.itm.bkdb.BkdbApplication Line:61  - Started BkdbApplication in 5.323 seconds (JVM running for 5.762)
2022-10-02 23:24:25.565 INFO  [main] ru.itm.bkdb.controllers.UpdateController Line:96  - 
init = false
2022-10-02 23:24:26.108 INFO  [RMI TCP Connection(1)-127.0.0.1] org.apache.catalina.core.ContainerBase.[Tomcat].[localhost].[/] Line:173 - Initializing Spring DispatcherServlet 'dispatcherServlet'
2022-10-02 23:24:26.108 INFO  [RMI TCP Connection(1)-127.0.0.1] org.springframework.web.servlet.DispatcherServlet Line:525 - Initializing Servlet 'dispatcherServlet'
2022-10-02 23:24:26.111 INFO  [RMI TCP Connection(1)-127.0.0.1] org.springframework.web.servlet.DispatcherServlet Line:547 - Completed initialization in 2 ms
2022-10-02 23:24:49.576 INFO  [scheduling-1] ru.itm.bkdb.controllers.UpdateController Line:226 - response.hasBody() && response.getBody() == 1 -> true
2022-10-02 23:24:49.577 INFO  [scheduling-1] ru.itm.bkdb.controllers.UpdateController Line:183 - data is write in server
2022-10-02 23:24:49.629 INFO  [scheduling-1] ru.itm.bkdb.controllers.UpdateController Line:191 - Table 'trans_fuel' is cleaned.
2022-10-02 23:24:49.638 INFO  [scheduling-1] ru.itm.bkdb.controllers.UpdateController Line:191 - Table 'trans_sensor' is cleaned.
2022-10-02 23:24:49.657 INFO  [scheduling-1] ru.itm.bkdb.controllers.UpdateController Line:191 - Table 'trans_coord' is cleaned.
2022-10-02 23:24:49.998 INFO  [scheduling-1] ru.itm.bkdb.controllers.UpdateController Line:310 - Response. Begin updating these tables :
	 {}
2022-10-02 23:24:49.999 INFO  [scheduling-1] ru.itm.bkdb.controllers.UpdateController Line:362 - All tables have been updated
2022-10-02 23:29:53.925 INFO  [scheduling-1] ru.itm.bkdb.controllers.UpdateController Line:226 - response.hasBody() && response.getBody() == 1 -> true
2022-10-02 23:29:53.925 INFO  [scheduling-1] ru.itm.bkdb.controllers.UpdateController Line:183 - data is write in server
2022-10-02 23:29:53.931 INFO  [scheduling-1] ru.itm.bkdb.controllers.UpdateController Line:191 - Table 'trans_sensor' is cleaned.
2022-10-02 23:29:53.954 INFO  [scheduling-1] ru.itm.bkdb.controllers.UpdateController Line:191 - Table 'trans_coord' is cleaned.
2022-10-02 23:34:53.965 INFO  [scheduling-1] ru.itm.bkdb.controllers.UpdateController Line:199 - No tables trans_ for update
2022-10-02 23:37:45.030 INFO  [SpringApplicationShutdownHook] org.springframework.orm.jpa.LocalContainerEntityManagerFactoryBean Line:651 - Closing JPA EntityManagerFactory for persistence unit 'default'
2022-10-02 23:37:45.033 INFO  [SpringApplicationShutdownHook] com.zaxxer.hikari.HikariDataSource Line:350 - HikariPool-1 - Shutdown initiated...
2022-10-02 23:37:45.037 INFO  [SpringApplicationShutdownHook] com.zaxxer.hikari.HikariDataSource Line:352 - HikariPool-1 - Shutdown completed.
