2022-10-13 00:25:29.738 INFO  [main] ru.itm.bkdb.BkdbApplication Line:55  - Starting BkdbApplication using Java 17.0.2 on itmComp with PID 38879 (/home/itm/yd/ITMiningYD/12/bk/bkdb/build/classes/java/main started by itm in /home/itm/yd/ITMiningYD/12/bk/bkdb)
2022-10-13 00:25:29.741 INFO  [main] ru.itm.bkdb.BkdbApplication Line:640 - The following 1 profile is active: "mainProfile"
2022-10-13 00:25:30.449 INFO  [main] org.springframework.data.repository.config.RepositoryConfigurationDelegate Line:132 - Bootstrapping Spring Data JPA repositories in DEFAULT mode.
2022-10-13 00:25:30.568 INFO  [main] org.springframework.data.repository.config.RepositoryConfigurationDelegate Line:201 - Finished Spring Data repository scanning in 112 ms. Found 65 JPA repository interfaces.
2022-10-13 00:25:31.106 INFO  [main] org.springframework.boot.web.embedded.tomcat.TomcatWebServer Line:108 - Tomcat initialized with port(s): 2700 (http)
2022-10-13 00:25:31.113 INFO  [main] org.apache.coyote.http11.Http11NioProtocol Line:173 - Initializing ProtocolHandler ["http-nio-2700"]
2022-10-13 00:25:31.114 INFO  [main] org.apache.catalina.core.StandardService Line:173 - Starting service [Tomcat]
2022-10-13 00:25:31.114 INFO  [main] org.apache.catalina.core.StandardEngine Line:173 - Starting Servlet engine: [Apache Tomcat/9.0.65]
2022-10-13 00:25:31.184 INFO  [main] org.apache.catalina.core.ContainerBase.[Tomcat].[localhost].[/] Line:173 - Initializing Spring embedded WebApplicationContext
2022-10-13 00:25:31.185 INFO  [main] org.springframework.boot.web.servlet.context.ServletWebServerApplicationContext Line:292 - Root WebApplicationContext: initialization completed in 1408 ms
2022-10-13 00:25:31.484 INFO  [main] org.hibernate.jpa.internal.util.LogHelper Line:31  - HHH000204: Processing PersistenceUnitInfo [name: default]
2022-10-13 00:25:31.517 INFO  [main] org.hibernate.Version Line:44  - HHH000412: Hibernate ORM core version 5.6.10.Final
2022-10-13 00:25:31.629 INFO  [main] org.hibernate.annotations.common.Version Line:56  - HCANN000001: Hibernate Commons Annotations {5.1.2.Final}
2022-10-13 00:25:31.731 INFO  [main] com.zaxxer.hikari.HikariDataSource Line:110 - HikariPool-1 - Starting...
2022-10-13 00:25:31.800 INFO  [main] com.zaxxer.hikari.HikariDataSource Line:123 - HikariPool-1 - Start completed.
2022-10-13 00:25:31.824 INFO  [main] org.hibernate.dialect.Dialect Line:175 - HHH000400: Using dialect: org.hibernate.dialect.H2Dialect
2022-10-13 00:25:32.738 INFO  [main] org.hibernate.engine.transaction.jta.platform.internal.JtaPlatformInitiator Line:52  - HHH000490: Using JtaPlatform implementation: [org.hibernate.engine.transaction.jta.platform.internal.NoJtaPlatform]
2022-10-13 00:25:32.751 INFO  [main] org.springframework.orm.jpa.LocalContainerEntityManagerFactoryBean Line:437 - Initialized JPA EntityManagerFactory for persistence unit 'default'
2022-10-13 00:25:34.095 INFO  [main] org.springframework.boot.autoconfigure.web.servlet.WelcomePageHandlerMapping Line:57  - Adding welcome page template: index
2022-10-13 00:25:34.729 INFO  [main] org.apache.coyote.http11.Http11NioProtocol Line:173 - Starting ProtocolHandler ["http-nio-2700"]
2022-10-13 00:25:34.740 INFO  [main] org.springframework.boot.web.embedded.tomcat.TomcatWebServer Line:220 - Tomcat started on port(s): 2700 (http) with context path ''
2022-10-13 00:25:34.798 INFO  [main] org.springframework.boot.web.embedded.tomcat.TomcatWebServer Line:108 - Tomcat initialized with port(s): 10055 (http)
2022-10-13 00:25:34.799 INFO  [main] org.apache.coyote.http11.Http11NioProtocol Line:173 - Initializing ProtocolHandler ["http-nio-10055"]
2022-10-13 00:25:34.799 INFO  [main] org.apache.catalina.core.StandardService Line:173 - Starting service [Tomcat]
2022-10-13 00:25:34.799 INFO  [main] org.apache.catalina.core.StandardEngine Line:173 - Starting Servlet engine: [Apache Tomcat/9.0.65]
2022-10-13 00:25:34.813 INFO  [main] org.apache.catalina.core.ContainerBase.[Tomcat-1].[localhost].[/] Line:173 - Initializing Spring embedded WebApplicationContext
2022-10-13 00:25:34.813 INFO  [main] org.springframework.boot.web.servlet.context.ServletWebServerApplicationContext Line:292 - Root WebApplicationContext: initialization completed in 70 ms
2022-10-13 00:25:34.825 INFO  [main] org.springframework.boot.actuate.endpoint.web.EndpointLinksResolver Line:58  - Exposing 14 endpoint(s) beneath base path '/actuator'
2022-10-13 00:25:34.853 INFO  [main] org.apache.coyote.http11.Http11NioProtocol Line:173 - Starting ProtocolHandler ["http-nio-10055"]
2022-10-13 00:25:34.855 INFO  [main] org.springframework.boot.web.embedded.tomcat.TomcatWebServer Line:220 - Tomcat started on port(s): 10055 (http) with context path ''
2022-10-13 00:25:34.873 INFO  [main] ru.itm.bkdb.BkdbApplication Line:61  - Started BkdbApplication in 5.492 seconds (JVM running for 5.906)
2022-10-13 00:25:34.878 INFO  [main] ru.itm.bkdb.serivce.UpdateService Line:92  - 
init = false
2022-10-13 00:25:54.981 INFO  [scheduling-1] ru.itm.bkdb.serivce.UpdateService Line:176 - No tables trans_ for update
2022-10-13 00:25:55.576 INFO  [scheduling-1] ru.itm.bkdb.serivce.UpdateService Line:330 - Response. Begin updating these tables :
	 {}
2022-10-13 00:25:55.577 INFO  [scheduling-1] ru.itm.bkdb.serivce.UpdateService Line:383 - All tables have been updated
2022-10-13 00:25:59.693 INFO  [http-nio-2700-exec-2] org.apache.catalina.core.ContainerBase.[Tomcat].[localhost].[/] Line:173 - Initializing Spring DispatcherServlet 'dispatcherServlet'
2022-10-13 00:25:59.693 INFO  [http-nio-2700-exec-2] org.springframework.web.servlet.DispatcherServlet Line:525 - Initializing Servlet 'dispatcherServlet'
2022-10-13 00:25:59.695 INFO  [http-nio-2700-exec-2] org.springframework.web.servlet.DispatcherServlet Line:547 - Completed initialization in 2 ms
2022-10-13 00:25:59.726 INFO  [http-nio-2700-exec-2] ru.itm.bkdb.serivce.AdminServiceImpl Line:47  - trans_cycles
2022-10-13 00:26:00.196 INFO  [http-nio-2700-exec-2] ru.itm.bkdb.serivce.AdminServiceImpl Line:156 - response.hasBody() && response.getBody() == 1 -> true
2022-10-13 00:26:00.196 INFO  [http-nio-2700-exec-2] ru.itm.bkdb.serivce.AdminServiceImpl Line:96  - data is write in server
2022-10-13 00:26:00.197 INFO  [http-nio-2700-exec-2] ru.itm.bkdb.serivce.AdminServiceImpl Line:102 - Table 'trans_cycles' is cleaned.
2022-10-13 00:30:59.973 INFO  [scheduling-1] ru.itm.bkdb.serivce.UpdateService Line:246 - response.hasBody() && response.getBody() == 1 -> true
2022-10-13 00:30:59.973 INFO  [scheduling-1] ru.itm.bkdb.serivce.UpdateService Line:160 - data is write in server
2022-10-13 00:31:00.061 INFO  [scheduling-1] ru.itm.bkdb.serivce.UpdateService Line:168 - Table 'trans_coord' is cleaned.
2022-10-13 00:36:00.954 INFO  [scheduling-1] ru.itm.bkdb.serivce.UpdateService Line:246 - response.hasBody() && response.getBody() == 1 -> true
2022-10-13 00:36:00.954 INFO  [scheduling-1] ru.itm.bkdb.serivce.UpdateService Line:160 - data is write in server
2022-10-13 00:36:00.966 INFO  [scheduling-1] ru.itm.bkdb.serivce.UpdateService Line:168 - Table 'trans_coord' is cleaned.
2022-10-13 00:36:55.893 INFO  [http-nio-2700-exec-7] ru.itm.bkdb.serivce.AdminServiceImpl Line:47  - trans_cycles
2022-10-13 00:36:58.086 INFO  [http-nio-2700-exec-7] ru.itm.bkdb.serivce.AdminServiceImpl Line:156 - response.hasBody() && response.getBody() == 1 -> true
2022-10-13 00:36:58.087 INFO  [http-nio-2700-exec-7] ru.itm.bkdb.serivce.AdminServiceImpl Line:96  - data is write in server
2022-10-13 00:36:58.087 INFO  [http-nio-2700-exec-7] ru.itm.bkdb.serivce.AdminServiceImpl Line:102 - Table 'trans_cycles' is cleaned.
2022-10-13 00:37:26.755 INFO  [http-nio-2700-exec-10] ru.itm.bkdb.serivce.AdminServiceImpl Line:47  - trans_refuel
2022-10-13 00:37:27.830 INFO  [http-nio-2700-exec-10] ru.itm.bkdb.serivce.AdminServiceImpl Line:156 - response.hasBody() && response.getBody() == 1 -> true
2022-10-13 00:37:27.830 INFO  [http-nio-2700-exec-10] ru.itm.bkdb.serivce.AdminServiceImpl Line:96  - data is write in server
2022-10-13 00:37:27.830 INFO  [http-nio-2700-exec-10] ru.itm.bkdb.serivce.AdminServiceImpl Line:102 - Table 'trans_refuel' is cleaned.
2022-10-13 00:41:00.977 INFO  [scheduling-1] ru.itm.bkdb.serivce.UpdateService Line:176 - No tables trans_ for update
2022-10-13 00:46:00.991 INFO  [scheduling-1] ru.itm.bkdb.serivce.UpdateService Line:176 - No tables trans_ for update
2022-10-13 00:51:01.001 INFO  [scheduling-1] ru.itm.bkdb.serivce.UpdateService Line:176 - No tables trans_ for update
2022-10-13 00:56:01.016 INFO  [scheduling-1] ru.itm.bkdb.serivce.UpdateService Line:176 - No tables trans_ for update
2022-10-13 01:00:01.607 INFO  [scheduling-1] ru.itm.bkdb.serivce.UpdateService Line:330 - Response. Begin updating these tables :
	 {}
2022-10-13 01:00:01.607 INFO  [scheduling-1] ru.itm.bkdb.serivce.UpdateService Line:383 - All tables have been updated
2022-10-13 01:01:01.029 INFO  [scheduling-1] ru.itm.bkdb.serivce.UpdateService Line:176 - No tables trans_ for update
2022-10-13 01:06:01.041 INFO  [scheduling-1] ru.itm.bkdb.serivce.UpdateService Line:176 - No tables trans_ for update
2022-10-13 01:11:01.053 INFO  [scheduling-1] ru.itm.bkdb.serivce.UpdateService Line:176 - No tables trans_ for update
2022-10-13 01:16:01.062 INFO  [scheduling-1] ru.itm.bkdb.serivce.UpdateService Line:176 - No tables trans_ for update
2022-10-13 01:21:01.072 INFO  [scheduling-1] ru.itm.bkdb.serivce.UpdateService Line:176 - No tables trans_ for update
2022-10-13 01:26:01.087 INFO  [scheduling-1] ru.itm.bkdb.serivce.UpdateService Line:176 - No tables trans_ for update
2022-10-13 01:28:30.819 INFO  [http-nio-10055-exec-1] org.apache.catalina.core.ContainerBase.[Tomcat-1].[localhost].[/] Line:173 - Initializing Spring DispatcherServlet 'dispatcherServlet'
2022-10-13 01:28:30.819 INFO  [http-nio-10055-exec-1] org.springframework.web.servlet.DispatcherServlet Line:525 - Initializing Servlet 'dispatcherServlet'
2022-10-13 01:28:30.819 INFO  [http-nio-10055-exec-1] org.springframework.web.servlet.DispatcherServlet Line:547 - Completed initialization in 0 ms
2022-10-13 01:28:30.836 INFO  [http-nio-2700-exec-5] ru.itm.bkdb.controllers.ShutdownManager Line:47  - Service is stopped : {"message":"Shutting down, bye..."}
2022-10-13 01:28:31.374 INFO  [Thread-1] org.springframework.orm.jpa.LocalContainerEntityManagerFactoryBean Line:651 - Closing JPA EntityManagerFactory for persistence unit 'default'
2022-10-13 01:28:31.376 INFO  [Thread-1] com.zaxxer.hikari.HikariDataSource Line:350 - HikariPool-1 - Shutdown initiated...
2022-10-13 01:28:31.381 INFO  [Thread-1] com.zaxxer.hikari.HikariDataSource Line:352 - HikariPool-1 - Shutdown completed.
