2022-09-25 15:17:31.310 INFO  [main] ru.itm.bkdb.BkdbApplication Line:55  - Starting BkdbApplication using Java 17.0.2 on itmComp with PID 43835 (/home/itm/yd/ITMiningYD/12/bk/bkdb/build/classes/java/main started by itm in /home/itm/yd/ITMiningYD/12/bk/bkdb)
2022-09-25 15:17:31.313 INFO  [main] ru.itm.bkdb.BkdbApplication Line:640 - The following 1 profile is active: "mainProfile"
2022-09-25 15:17:32.085 INFO  [main] org.springframework.data.repository.config.RepositoryConfigurationDelegate Line:132 - Bootstrapping Spring Data JPA repositories in DEFAULT mode.
2022-09-25 15:17:32.200 INFO  [main] org.springframework.data.repository.config.RepositoryConfigurationDelegate Line:201 - Finished Spring Data repository scanning in 108 ms. Found 59 JPA repository interfaces.
2022-09-25 15:17:32.740 INFO  [main] org.springframework.boot.web.embedded.tomcat.TomcatWebServer Line:108 - Tomcat initialized with port(s): 2700 (http)
2022-09-25 15:17:32.747 INFO  [main] org.apache.coyote.http11.Http11NioProtocol Line:173 - Initializing ProtocolHandler ["http-nio-2700"]
2022-09-25 15:17:32.748 INFO  [main] org.apache.catalina.core.StandardService Line:173 - Starting service [Tomcat]
2022-09-25 15:17:32.748 INFO  [main] org.apache.catalina.core.StandardEngine Line:173 - Starting Servlet engine: [Apache Tomcat/9.0.65]
2022-09-25 15:17:32.816 INFO  [main] org.apache.catalina.core.ContainerBase.[Tomcat].[localhost].[/] Line:173 - Initializing Spring embedded WebApplicationContext
2022-09-25 15:17:32.816 INFO  [main] org.springframework.boot.web.servlet.context.ServletWebServerApplicationContext Line:292 - Root WebApplicationContext: initialization completed in 1457 ms
2022-09-25 15:17:33.119 INFO  [main] org.hibernate.jpa.internal.util.LogHelper Line:31  - HHH000204: Processing PersistenceUnitInfo [name: default]
2022-09-25 15:17:33.155 INFO  [main] org.hibernate.Version Line:44  - HHH000412: Hibernate ORM core version 5.6.10.Final
2022-09-25 15:17:33.317 INFO  [main] org.hibernate.annotations.common.Version Line:56  - HCANN000001: Hibernate Commons Annotations {5.1.2.Final}
2022-09-25 15:17:33.406 INFO  [main] com.zaxxer.hikari.HikariDataSource Line:110 - HikariPool-1 - Starting...
2022-09-25 15:17:33.482 INFO  [main] com.zaxxer.hikari.HikariDataSource Line:123 - HikariPool-1 - Start completed.
2022-09-25 15:17:33.508 INFO  [main] org.hibernate.dialect.Dialect Line:175 - HHH000400: Using dialect: org.hibernate.dialect.H2Dialect
2022-09-25 15:17:34.400 INFO  [main] org.hibernate.engine.transaction.jta.platform.internal.JtaPlatformInitiator Line:52  - HHH000490: Using JtaPlatform implementation: [org.hibernate.engine.transaction.jta.platform.internal.NoJtaPlatform]
2022-09-25 15:17:34.409 INFO  [main] org.springframework.orm.jpa.LocalContainerEntityManagerFactoryBean Line:437 - Initialized JPA EntityManagerFactory for persistence unit 'default'
2022-09-25 15:17:36.281 INFO  [main] org.apache.coyote.http11.Http11NioProtocol Line:173 - Starting ProtocolHandler ["http-nio-2700"]
2022-09-25 15:17:36.292 INFO  [main] org.springframework.boot.web.embedded.tomcat.TomcatWebServer Line:220 - Tomcat started on port(s): 2700 (http) with context path ''
2022-09-25 15:17:36.350 INFO  [main] org.springframework.boot.web.embedded.tomcat.TomcatWebServer Line:108 - Tomcat initialized with port(s): 10055 (http)
2022-09-25 15:17:36.351 INFO  [main] org.apache.coyote.http11.Http11NioProtocol Line:173 - Initializing ProtocolHandler ["http-nio-10055"]
2022-09-25 15:17:36.351 INFO  [main] org.apache.catalina.core.StandardService Line:173 - Starting service [Tomcat]
2022-09-25 15:17:36.351 INFO  [main] org.apache.catalina.core.StandardEngine Line:173 - Starting Servlet engine: [Apache Tomcat/9.0.65]
2022-09-25 15:17:36.361 INFO  [main] org.apache.catalina.core.ContainerBase.[Tomcat-1].[localhost].[/] Line:173 - Initializing Spring embedded WebApplicationContext
2022-09-25 15:17:36.362 INFO  [main] org.springframework.boot.web.servlet.context.ServletWebServerApplicationContext Line:292 - Root WebApplicationContext: initialization completed in 66 ms
2022-09-25 15:17:36.372 INFO  [main] org.springframework.boot.actuate.endpoint.web.EndpointLinksResolver Line:58  - Exposing 14 endpoint(s) beneath base path '/actuator'
2022-09-25 15:17:36.401 INFO  [main] org.apache.coyote.http11.Http11NioProtocol Line:173 - Starting ProtocolHandler ["http-nio-10055"]
2022-09-25 15:17:36.403 INFO  [main] org.springframework.boot.web.embedded.tomcat.TomcatWebServer Line:220 - Tomcat started on port(s): 10055 (http) with context path ''
2022-09-25 15:17:36.420 INFO  [main] ru.itm.bkdb.BkdbApplication Line:61  - Started BkdbApplication in 5.514 seconds (JVM running for 5.953)
2022-09-25 15:17:36.426 INFO  [main] ru.itm.bkdb.controllers.UpdateController Line:96  - 
init = false
2022-09-25 15:17:36.752 INFO  [RMI TCP Connection(1)-127.0.0.1] org.apache.catalina.core.ContainerBase.[Tomcat].[localhost].[/] Line:173 - Initializing Spring DispatcherServlet 'dispatcherServlet'
2022-09-25 15:17:36.752 INFO  [RMI TCP Connection(1)-127.0.0.1] org.springframework.web.servlet.DispatcherServlet Line:525 - Initializing Servlet 'dispatcherServlet'
2022-09-25 15:17:36.753 INFO  [RMI TCP Connection(1)-127.0.0.1] org.springframework.web.servlet.DispatcherServlet Line:547 - Completed initialization in 1 ms
2022-09-25 15:18:12.709 INFO  [scheduling-1] ru.itm.bkdb.controllers.UpdateController Line:222 - response.hasBody() && response.getBody() == 1 -> true
2022-09-25 15:18:12.710 INFO  [scheduling-1] ru.itm.bkdb.controllers.UpdateController Line:179 - data is write in server
2022-09-25 15:18:12.792 INFO  [scheduling-1] ru.itm.bkdb.controllers.UpdateController Line:187 - Table 'trans_fuel' is cleaned.
2022-09-25 15:18:12.856 INFO  [scheduling-1] ru.itm.bkdb.controllers.UpdateController Line:187 - Table 'trans_coord' is cleaned.
2022-09-25 15:18:13.143 INFO  [scheduling-1] ru.itm.bkdb.controllers.UpdateController Line:306 - Response. Begin updating these tables :
	 {}
2022-09-25 15:18:13.144 INFO  [scheduling-1] ru.itm.bkdb.controllers.UpdateController Line:358 - All tables have been updated
2022-09-25 15:22:11.306 INFO  [SpringApplicationShutdownHook] org.springframework.orm.jpa.LocalContainerEntityManagerFactoryBean Line:651 - Closing JPA EntityManagerFactory for persistence unit 'default'
2022-09-25 15:22:11.308 INFO  [SpringApplicationShutdownHook] com.zaxxer.hikari.HikariDataSource Line:350 - HikariPool-1 - Shutdown initiated...
2022-09-25 15:22:11.314 INFO  [SpringApplicationShutdownHook] com.zaxxer.hikari.HikariDataSource Line:352 - HikariPool-1 - Shutdown completed.
