2022-10-06 23:31:20.780 INFO  [main] ru.itm.bkdb.BkdbApplication Line:55  - Starting BkdbApplication using Java 17.0.2 on itmComp with PID 24856 (/home/itm/yd/ITMiningYD/12/bk/bkdb/build/classes/java/main started by itm in /home/itm/yd/ITMiningYD/12/bk/bkdb)
2022-10-06 23:31:20.782 INFO  [main] ru.itm.bkdb.BkdbApplication Line:640 - The following 1 profile is active: "mainProfile"
2022-10-06 23:31:21.754 INFO  [main] org.springframework.data.repository.config.RepositoryConfigurationDelegate Line:132 - Bootstrapping Spring Data JPA repositories in DEFAULT mode.
2022-10-06 23:31:21.883 INFO  [main] org.springframework.data.repository.config.RepositoryConfigurationDelegate Line:201 - Finished Spring Data repository scanning in 117 ms. Found 63 JPA repository interfaces.
2022-10-06 23:31:22.484 INFO  [main] org.springframework.boot.web.embedded.tomcat.TomcatWebServer Line:108 - Tomcat initialized with port(s): 2700 (http)
2022-10-06 23:31:22.492 INFO  [main] org.apache.coyote.http11.Http11NioProtocol Line:173 - Initializing ProtocolHandler ["http-nio-2700"]
2022-10-06 23:31:22.492 INFO  [main] org.apache.catalina.core.StandardService Line:173 - Starting service [Tomcat]
2022-10-06 23:31:22.493 INFO  [main] org.apache.catalina.core.StandardEngine Line:173 - Starting Servlet engine: [Apache Tomcat/9.0.65]
2022-10-06 23:31:22.566 INFO  [main] org.apache.catalina.core.ContainerBase.[Tomcat].[localhost].[/] Line:173 - Initializing Spring embedded WebApplicationContext
2022-10-06 23:31:22.566 INFO  [main] org.springframework.boot.web.servlet.context.ServletWebServerApplicationContext Line:292 - Root WebApplicationContext: initialization completed in 1746 ms
2022-10-06 23:31:22.870 INFO  [main] org.hibernate.jpa.internal.util.LogHelper Line:31  - HHH000204: Processing PersistenceUnitInfo [name: default]
2022-10-06 23:31:22.921 INFO  [main] org.hibernate.Version Line:44  - HHH000412: Hibernate ORM core version 5.6.10.Final
2022-10-06 23:31:23.093 INFO  [main] org.hibernate.annotations.common.Version Line:56  - HCANN000001: Hibernate Commons Annotations {5.1.2.Final}
2022-10-06 23:31:23.195 INFO  [main] com.zaxxer.hikari.HikariDataSource Line:110 - HikariPool-1 - Starting...
2022-10-06 23:31:23.292 INFO  [main] com.zaxxer.hikari.HikariDataSource Line:123 - HikariPool-1 - Start completed.
2022-10-06 23:31:23.327 INFO  [main] org.hibernate.dialect.Dialect Line:175 - HHH000400: Using dialect: org.hibernate.dialect.H2Dialect
2022-10-06 23:31:24.241 INFO  [main] org.hibernate.engine.transaction.jta.platform.internal.JtaPlatformInitiator Line:52  - HHH000490: Using JtaPlatform implementation: [org.hibernate.engine.transaction.jta.platform.internal.NoJtaPlatform]
2022-10-06 23:31:24.247 INFO  [main] org.springframework.orm.jpa.LocalContainerEntityManagerFactoryBean Line:437 - Initialized JPA EntityManagerFactory for persistence unit 'default'
2022-10-06 23:31:26.313 INFO  [main] org.apache.coyote.http11.Http11NioProtocol Line:173 - Starting ProtocolHandler ["http-nio-2700"]
2022-10-06 23:31:26.326 INFO  [main] org.springframework.boot.web.embedded.tomcat.TomcatWebServer Line:220 - Tomcat started on port(s): 2700 (http) with context path ''
2022-10-06 23:31:26.377 INFO  [main] org.springframework.boot.web.embedded.tomcat.TomcatWebServer Line:108 - Tomcat initialized with port(s): 10055 (http)
2022-10-06 23:31:26.378 INFO  [main] org.apache.coyote.http11.Http11NioProtocol Line:173 - Initializing ProtocolHandler ["http-nio-10055"]
2022-10-06 23:31:26.378 INFO  [main] org.apache.catalina.core.StandardService Line:173 - Starting service [Tomcat]
2022-10-06 23:31:26.379 INFO  [main] org.apache.catalina.core.StandardEngine Line:173 - Starting Servlet engine: [Apache Tomcat/9.0.65]
2022-10-06 23:31:26.389 INFO  [main] org.apache.catalina.core.ContainerBase.[Tomcat-1].[localhost].[/] Line:173 - Initializing Spring embedded WebApplicationContext
2022-10-06 23:31:26.389 INFO  [main] org.springframework.boot.web.servlet.context.ServletWebServerApplicationContext Line:292 - Root WebApplicationContext: initialization completed in 59 ms
2022-10-06 23:31:26.399 INFO  [main] org.springframework.boot.actuate.endpoint.web.EndpointLinksResolver Line:58  - Exposing 14 endpoint(s) beneath base path '/actuator'
2022-10-06 23:31:26.431 INFO  [main] org.apache.coyote.http11.Http11NioProtocol Line:173 - Starting ProtocolHandler ["http-nio-10055"]
2022-10-06 23:31:26.434 INFO  [main] org.springframework.boot.web.embedded.tomcat.TomcatWebServer Line:220 - Tomcat started on port(s): 10055 (http) with context path ''
2022-10-06 23:31:26.453 INFO  [main] ru.itm.bkdb.BkdbApplication Line:61  - Started BkdbApplication in 6.108 seconds (JVM running for 6.676)
2022-10-06 23:31:26.459 INFO  [main] ru.itm.bkdb.controllers.UpdateController Line:101 - 
init = false
2022-10-06 23:31:26.815 INFO  [RMI TCP Connection(3)-127.0.0.1] org.apache.catalina.core.ContainerBase.[Tomcat].[localhost].[/] Line:173 - Initializing Spring DispatcherServlet 'dispatcherServlet'
2022-10-06 23:31:26.815 INFO  [RMI TCP Connection(3)-127.0.0.1] org.springframework.web.servlet.DispatcherServlet Line:525 - Initializing Servlet 'dispatcherServlet'
2022-10-06 23:31:26.817 INFO  [RMI TCP Connection(3)-127.0.0.1] org.springframework.web.servlet.DispatcherServlet Line:547 - Completed initialization in 1 ms
2022-10-06 23:31:46.565 INFO  [scheduling-1] ru.itm.bkdb.controllers.UpdateController Line:233 - No tables trans_ for update
2022-10-06 23:31:46.947 INFO  [scheduling-1] ru.itm.bkdb.controllers.UpdateController Line:344 - Response. Begin updating these tables :
	 {location=[15]}
2022-10-06 23:31:46.948 INFO  [scheduling-1] ru.itm.bkdb.controllers.UpdateController Line:350 - 
Update the table : location
2022-10-06 23:31:46.948 INFO  [scheduling-1] ru.itm.bkdb.controllers.UpdateController Line:351 - http://192.168.254.161:2600/api/v1/192.168.1.15/update/location
2022-10-06 23:31:47.237 INFO  [scheduling-1] ru.itm.bkdb.network.Request Line:38  - Response. The update came :	 ru.itm.bkdb.udp.DBModelContainer@229fdcff
2022-10-06 23:31:47.294 INFO  [scheduling-1] ru.itm.bkdb.controllers.UpdateController Line:472 - location.location [id=2, name='блок 1', description='null' ....]
2022-10-06 23:31:47.295 INFO  [scheduling-1] ru.itm.bkdb.controllers.UpdateController Line:472 - location.location [id=5, name='дорога 1', description='null' ....]
2022-10-06 23:31:47.295 INFO  [scheduling-1] ru.itm.bkdb.controllers.UpdateController Line:472 - location.location [id=6, name='дорога 2', description='null' ....]
2022-10-06 23:31:47.296 INFO  [scheduling-1] ru.itm.bkdb.controllers.UpdateController Line:472 - location.location [id=7, name='зона 1', description='testDesc' ....]
2022-10-06 23:31:47.296 INFO  [scheduling-1] ru.itm.bkdb.controllers.UpdateController Line:472 - location.location [id=10, name='testZone', description='trtr' ....]
2022-10-06 23:31:47.296 INFO  [scheduling-1] ru.itm.bkdb.controllers.UpdateController Line:472 - location.location [id=11, name='test2', description='tt12' ....]
2022-10-06 23:31:47.296 INFO  [scheduling-1] ru.itm.bkdb.controllers.UpdateController Line:472 - location.location [id=12, name='test3', description='tt3' ....]
2022-10-06 23:31:47.297 INFO  [scheduling-1] ru.itm.bkdb.controllers.UpdateController Line:472 - location.location [id=13, name='Стоянка', description='null' ....]
2022-10-06 23:31:47.297 INFO  [scheduling-1] ru.itm.bkdb.controllers.UpdateController Line:472 - location.location [id=14, name='test45', description='testd' ....]
2022-10-06 23:31:47.297 INFO  [scheduling-1] ru.itm.bkdb.controllers.UpdateController Line:472 - location.location [id=15, name='testCircle', description='testC' ....]
2022-10-06 23:31:47.297 INFO  [scheduling-1] ru.itm.bkdb.controllers.UpdateController Line:472 - location.location [id=16, name='testLocation', description='new map test' ....]
2022-10-06 23:31:47.297 INFO  [scheduling-1] ru.itm.bkdb.controllers.UpdateController Line:472 - location.location [id=17, name='testLoc2', description='test2' ....]
2022-10-06 23:31:47.298 INFO  [scheduling-1] ru.itm.bkdb.controllers.UpdateController Line:472 - location.location [id=18, name='testLoc3', description='test3' ....]
2022-10-06 23:31:47.298 INFO  [scheduling-1] ru.itm.bkdb.controllers.UpdateController Line:472 - location.location [id=19, name='test5', description='test5' ....]
2022-10-06 23:31:47.298 INFO  [scheduling-1] ru.itm.bkdb.controllers.UpdateController Line:472 - location.location [id=20, name='test33', description='33' ....]
2022-10-06 23:31:47.298 INFO  [scheduling-1] ru.itm.bkdb.controllers.UpdateController Line:472 - location.location [id=23, name='дорога 3', description='null' ....]
2022-10-06 23:31:47.298 INFO  [scheduling-1] ru.itm.bkdb.controllers.UpdateController Line:472 - location.location [id=24, name='дорога 4', description='null' ....]
2022-10-06 23:31:47.299 INFO  [scheduling-1] ru.itm.bkdb.controllers.UpdateController Line:472 - location.location [id=25, name='teest', description='' ....]
2022-10-06 23:31:47.299 INFO  [scheduling-1] ru.itm.bkdb.controllers.UpdateController Line:472 - location.location [id=27, name='testtest', description='null' ....]
2022-10-06 23:31:47.299 INFO  [scheduling-1] ru.itm.bkdb.controllers.UpdateController Line:472 - location.location [id=28, name='ycy', description='null' ....]
2022-10-06 23:31:47.299 INFO  [scheduling-1] ru.itm.bkdb.controllers.UpdateController Line:472 - location.location [id=29, name='д1', description='null' ....]
2022-10-06 23:31:47.299 INFO  [scheduling-1] ru.itm.bkdb.controllers.UpdateController Line:472 - location.location [id=30, name='д2', description='null' ....]
2022-10-06 23:31:47.300 INFO  [scheduling-1] ru.itm.bkdb.controllers.UpdateController Line:472 - location.location [id=31, name='д3', description='null' ....]
2022-10-06 23:31:47.300 INFO  [scheduling-1] ru.itm.bkdb.controllers.UpdateController Line:472 - location.location [id=32, name='д4', description='null' ....]
2022-10-06 23:31:47.300 INFO  [scheduling-1] ru.itm.bkdb.controllers.UpdateController Line:472 - location.location [id=34, name='testLocInh', description='null' ....]
2022-10-06 23:31:47.300 INFO  [scheduling-1] ru.itm.bkdb.controllers.UpdateController Line:472 - location.location [id=35, name='testLocs', description='null' ....]
2022-10-06 23:31:47.300 INFO  [scheduling-1] ru.itm.bkdb.controllers.UpdateController Line:472 - location.location [id=36, name='testLoc5', description='null' ....]
2022-10-06 23:31:47.301 INFO  [scheduling-1] ru.itm.bkdb.controllers.UpdateController Line:472 - location.location [id=37, name='testLoc6', description='null' ....]
2022-10-06 23:31:47.301 INFO  [scheduling-1] ru.itm.bkdb.controllers.UpdateController Line:472 - location.location [id=38, name='testLoc7', description='null' ....]
2022-10-06 23:31:47.301 INFO  [scheduling-1] ru.itm.bkdb.controllers.UpdateController Line:472 - location.location [id=39, name='Заправка 1', description='null' ....]
2022-10-06 23:31:47.301 INFO  [scheduling-1] ru.itm.bkdb.controllers.UpdateController Line:472 - location.location [id=41, name='проверочная дорога', description='null' ....]
2022-10-06 23:31:47.302 INFO  [scheduling-1] ru.itm.bkdb.controllers.UpdateController Line:472 - location.location [id=42, name='Весовая1', description='null' ....]
2022-10-06 23:31:47.302 INFO  [scheduling-1] ru.itm.bkdb.controllers.UpdateController Line:472 - location.location [id=43, name='Тест склад', description='Тест склад' ....]
2022-10-06 23:31:47.302 INFO  [scheduling-1] ru.itm.bkdb.controllers.UpdateController Line:472 - location.location [id=44, name='Test doroga', description='null' ....]
2022-10-06 23:31:47.302 INFO  [scheduling-1] ru.itm.bkdb.controllers.UpdateController Line:472 - location.location [id=45, name='Весовая2', description='null' ....]
2022-10-06 23:31:47.302 INFO  [scheduling-1] ru.itm.bkdb.controllers.UpdateController Line:472 - location.location [id=46, name='testnewLoc', description='null' ....]
2022-10-06 23:31:47.303 INFO  [scheduling-1] ru.itm.bkdb.controllers.UpdateController Line:472 - location.location [id=47, name='дорога', description='null' ....]
2022-10-06 23:31:47.303 INFO  [scheduling-1] ru.itm.bkdb.controllers.UpdateController Line:472 - location.location [id=48, name='9', description='null' ....]
2022-10-06 23:31:47.303 INFO  [scheduling-1] ru.itm.bkdb.controllers.UpdateController Line:472 - location.location [id=49, name='Тест весовая', description='null' ....]
2022-10-06 23:31:47.303 INFO  [scheduling-1] ru.itm.bkdb.controllers.UpdateController Line:472 - location.location [id=50, name='testtesttesttest', description='null' ....]
2022-10-06 23:31:47.303 INFO  [scheduling-1] ru.itm.bkdb.controllers.UpdateController Line:472 - location.location [id=97, name='teeest2', description='null' ....]
2022-10-06 23:31:47.304 INFO  [scheduling-1] ru.itm.bkdb.controllers.UpdateController Line:472 - location.location [id=76, name='refuel_zone1', description='null' ....]
2022-10-06 23:31:47.304 INFO  [scheduling-1] ru.itm.bkdb.controllers.UpdateController Line:472 - location.location [id=77, name='refuel_zone2', description='null' ....]
2022-10-06 23:31:47.304 INFO  [scheduling-1] ru.itm.bkdb.controllers.UpdateController Line:472 - location.location [id=78, name='refuel_zone3', description='null' ....]
2022-10-06 23:31:47.304 INFO  [scheduling-1] ru.itm.bkdb.controllers.UpdateController Line:472 - location.location [id=80, name='testCircleLoc', description='null' ....]
2022-10-06 23:31:47.304 INFO  [scheduling-1] ru.itm.bkdb.controllers.UpdateController Line:472 - location.location [id=79, name='drill_1', description='null' ....]
2022-10-06 23:31:47.305 INFO  [scheduling-1] ru.itm.bkdb.controllers.UpdateController Line:472 - location.location [id=81, name='drill2', description='null' ....]
2022-10-06 23:31:47.305 INFO  [scheduling-1] ru.itm.bkdb.controllers.UpdateController Line:472 - location.location [id=82, name='drill3', description='null' ....]
2022-10-06 23:31:47.305 INFO  [scheduling-1] ru.itm.bkdb.controllers.UpdateController Line:472 - location.location [id=83, name='drill4', description='null' ....]
2022-10-06 23:31:47.305 INFO  [scheduling-1] ru.itm.bkdb.controllers.UpdateController Line:472 - location.location [id=91, name='newloc1', description='null' ....]
2022-10-06 23:31:47.305 INFO  [scheduling-1] ru.itm.bkdb.controllers.UpdateController Line:472 - location.location [id=3, name='отвал 1', description='null' ....]
2022-10-06 23:31:47.306 INFO  [scheduling-1] ru.itm.bkdb.controllers.UpdateController Line:472 - location.location [id=40, name='Заправка 2', description='null' ....]
2022-10-06 23:31:47.306 INFO  [scheduling-1] ru.itm.bkdb.controllers.UpdateController Line:472 - location.location [id=103, name='tttest3', description='null' ....]
2022-10-06 23:31:47.306 INFO  [scheduling-1] ru.itm.bkdb.controllers.UpdateController Line:472 - location.location [id=33, name='ЗонаТЕСТ', description='null' ....]
2022-10-06 23:31:47.306 INFO  [scheduling-1] ru.itm.bkdb.controllers.UpdateController Line:472 - location.location [id=95, name='testt', description='null' ....]
2022-10-06 23:31:47.307 INFO  [scheduling-1] ru.itm.bkdb.controllers.UpdateController Line:472 - location.location [id=96, name='ttetest', description='null' ....]
2022-10-06 23:31:47.307 INFO  [scheduling-1] ru.itm.bkdb.controllers.UpdateController Line:472 - location.location [id=106, name='123123', description='321321' ....]
2022-10-06 23:31:47.307 INFO  [scheduling-1] ru.itm.bkdb.controllers.UpdateController Line:472 - location.location [id=1, name='M04B260CE10562', description='null' ....]
2022-10-06 23:31:47.307 INFO  [scheduling-1] ru.itm.bkdb.controllers.UpdateController Line:472 - location.location [id=102, name='check1', description='null' ....]
2022-10-06 23:31:47.307 INFO  [scheduling-1] ru.itm.bkdb.controllers.UpdateController Line:472 - location.location [id=104, name='ttttet', description='null' ....]
2022-10-06 23:31:47.308 INFO  [scheduling-1] ru.itm.bkdb.controllers.UpdateController Line:472 - location.location [id=100, name='Архангельский', description='null' ....]
2022-10-06 23:31:47.308 INFO  [scheduling-1] ru.itm.bkdb.controllers.UpdateController Line:472 - location.location [id=114, name='drill6', description='null' ....]
2022-10-06 23:31:47.308 INFO  [scheduling-1] ru.itm.bkdb.controllers.UpdateController Line:472 - location.location [id=113, name='drill5', description='null' ....]
2022-10-06 23:31:47.308 INFO  [scheduling-1] ru.itm.bkdb.controllers.UpdateController Line:472 - location.location [id=108, name='Скважина 1', description='null' ....]
2022-10-06 23:31:47.308 INFO  [scheduling-1] ru.itm.bkdb.controllers.UpdateController Line:472 - location.location [id=110, name='Скважина 2', description='null' ....]
2022-10-06 23:31:47.309 INFO  [scheduling-1] ru.itm.bkdb.controllers.UpdateController Line:472 - location.location [id=112, name='Скважина 4', description='null' ....]
2022-10-06 23:31:47.309 INFO  [scheduling-1] ru.itm.bkdb.controllers.UpdateController Line:472 - location.location [id=111, name='Скважина 3', description='null' ....]
2022-10-06 23:31:47.309 INFO  [scheduling-1] ru.itm.bkdb.controllers.UpdateController Line:472 - location.location [id=22, name='E04B260CE32206', description='null' ....]
2022-10-06 23:31:47.309 INFO  [scheduling-1] ru.itm.bkdb.controllers.UpdateController Line:472 - location.location [id=4, name='отвал 2', description='null' ....]
2022-10-06 23:31:47.309 INFO  [scheduling-1] ru.itm.bkdb.controllers.UpdateController Line:472 - location.location [id=8, name='отвал 3', description='' ....]
2022-10-06 23:31:47.310 INFO  [scheduling-1] ru.itm.bkdb.controllers.UpdateController Line:472 - location.location [id=99, name='отвал 4', description='null' ....]
2022-10-06 23:31:47.310 INFO  [scheduling-1] ru.itm.bkdb.controllers.UpdateController Line:472 - location.location [id=52, name='отвал рудный2', description='null' ....]
2022-10-06 23:31:47.310 INFO  [scheduling-1] ru.itm.bkdb.controllers.UpdateController Line:472 - location.location [id=53, name='отвал рудный3', description='null' ....]
2022-10-06 23:31:47.310 INFO  [scheduling-1] ru.itm.bkdb.controllers.UpdateController Line:472 - location.location [id=155, name='road00', description='null' ....]
2022-10-06 23:31:47.310 INFO  [scheduling-1] ru.itm.bkdb.controllers.UpdateController Line:472 - location.location [id=156, name='road0', description='null' ....]
2022-10-06 23:31:47.311 INFO  [scheduling-1] ru.itm.bkdb.controllers.UpdateController Line:472 - location.location [id=157, name='road1', description='null' ....]
2022-10-06 23:31:47.311 INFO  [scheduling-1] ru.itm.bkdb.controllers.UpdateController Line:472 - location.location [id=158, name='road2', description='null' ....]
2022-10-06 23:31:47.311 INFO  [scheduling-1] ru.itm.bkdb.controllers.UpdateController Line:472 - location.location [id=159, name='road3', description='null' ....]
2022-10-06 23:31:47.311 INFO  [scheduling-1] ru.itm.bkdb.controllers.UpdateController Line:472 - location.location [id=160, name='road4', description='null' ....]
2022-10-06 23:31:47.311 INFO  [scheduling-1] ru.itm.bkdb.controllers.UpdateController Line:472 - location.location [id=161, name='road5', description='null' ....]
2022-10-06 23:31:47.311 INFO  [scheduling-1] ru.itm.bkdb.controllers.UpdateController Line:472 - location.location [id=162, name='road6', description='null' ....]
2022-10-06 23:31:47.312 INFO  [scheduling-1] ru.itm.bkdb.controllers.UpdateController Line:472 - location.location [id=163, name='road7', description='null' ....]
2022-10-06 23:31:47.312 INFO  [scheduling-1] ru.itm.bkdb.controllers.UpdateController Line:472 - location.location [id=164, name='road8', description='null' ....]
2022-10-06 23:31:47.312 INFO  [scheduling-1] ru.itm.bkdb.controllers.UpdateController Line:472 - location.location [id=165, name='road9', description='null' ....]
2022-10-06 23:31:47.312 INFO  [scheduling-1] ru.itm.bkdb.controllers.UpdateController Line:472 - location.location [id=166, name='road10', description='null' ....]
2022-10-06 23:31:47.312 INFO  [scheduling-1] ru.itm.bkdb.controllers.UpdateController Line:472 - location.location [id=167, name='road11', description='null' ....]
2022-10-06 23:31:47.313 INFO  [scheduling-1] ru.itm.bkdb.controllers.UpdateController Line:472 - location.location [id=168, name='road12', description='null' ....]
2022-10-06 23:31:47.313 INFO  [scheduling-1] ru.itm.bkdb.controllers.UpdateController Line:472 - location.location [id=169, name='road13', description='null' ....]
2022-10-06 23:31:47.313 INFO  [scheduling-1] ru.itm.bkdb.controllers.UpdateController Line:472 - location.location [id=170, name='road14', description='null' ....]
2022-10-06 23:31:47.313 INFO  [scheduling-1] ru.itm.bkdb.controllers.UpdateController Line:472 - location.location [id=171, name='road15', description='null' ....]
2022-10-06 23:31:47.313 INFO  [scheduling-1] ru.itm.bkdb.controllers.UpdateController Line:472 - location.location [id=172, name='road16', description='null' ....]
2022-10-06 23:31:47.314 INFO  [scheduling-1] ru.itm.bkdb.controllers.UpdateController Line:472 - location.location [id=173, name='road17', description='null' ....]
2022-10-06 23:31:47.314 INFO  [scheduling-1] ru.itm.bkdb.controllers.UpdateController Line:472 - location.location [id=174, name='road18', description='null' ....]
2022-10-06 23:31:47.314 INFO  [scheduling-1] ru.itm.bkdb.controllers.UpdateController Line:472 - location.location [id=175, name='road19', description='null' ....]
2022-10-06 23:31:47.314 INFO  [scheduling-1] ru.itm.bkdb.controllers.UpdateController Line:472 - location.location [id=176, name='road20', description='null' ....]
2022-10-06 23:31:47.314 INFO  [scheduling-1] ru.itm.bkdb.controllers.UpdateController Line:472 - location.location [id=177, name='road21', description='null' ....]
2022-10-06 23:31:47.314 INFO  [scheduling-1] ru.itm.bkdb.controllers.UpdateController Line:472 - location.location [id=178, name='road22', description='null' ....]
2022-10-06 23:31:47.315 INFO  [scheduling-1] ru.itm.bkdb.controllers.UpdateController Line:472 - location.location [id=179, name='road23', description='null' ....]
2022-10-06 23:31:47.315 INFO  [scheduling-1] ru.itm.bkdb.controllers.UpdateController Line:472 - location.location [id=180, name='road24', description='null' ....]
2022-10-06 23:31:47.315 INFO  [scheduling-1] ru.itm.bkdb.controllers.UpdateController Line:472 - location.location [id=181, name='road25', description='null' ....]
2022-10-06 23:31:47.315 INFO  [scheduling-1] ru.itm.bkdb.controllers.UpdateController Line:472 - location.location [id=182, name='road26', description='null' ....]
2022-10-06 23:31:47.315 INFO  [scheduling-1] ru.itm.bkdb.controllers.UpdateController Line:472 - location.location [id=183, name='road27', description='null' ....]
2022-10-06 23:31:47.315 INFO  [scheduling-1] ru.itm.bkdb.controllers.UpdateController Line:472 - location.location [id=21, name='testtest123', description='tt' ....]
2022-10-06 23:31:47.316 INFO  [scheduling-1] ru.itm.bkdb.controllers.UpdateController Line:472 - location.location [id=124, name='Скважина124', description='null' ....]
2022-10-06 23:31:47.316 INFO  [scheduling-1] ru.itm.bkdb.controllers.UpdateController Line:472 - location.location [id=85, name='взрывной блок 1', description='null' ....]
2022-10-06 23:31:47.316 INFO  [scheduling-1] ru.itm.bkdb.controllers.UpdateController Line:472 - location.location [id=86, name='Ремзона', description='null' ....]
2022-10-06 23:31:47.316 INFO  [scheduling-1] ru.itm.bkdb.controllers.UpdateController Line:472 - location.location [id=101, name='M04B260CE13265', description='null' ....]
2022-10-06 23:31:47.316 INFO  [scheduling-1] ru.itm.bkdb.controllers.UpdateController Line:472 - location.location [id=87, name='взрывной блок 2', description='null' ....]
2022-10-06 23:31:47.316 INFO  [scheduling-1] ru.itm.bkdb.controllers.UpdateController Line:472 - location.location [id=184, name='road28', description='null' ....]
2022-10-06 23:31:47.317 INFO  [scheduling-1] ru.itm.bkdb.controllers.UpdateController Line:472 - location.location [id=185, name='road29', description='null' ....]
2022-10-06 23:31:47.317 INFO  [scheduling-1] ru.itm.bkdb.controllers.UpdateController Line:472 - location.location [id=186, name='road30', description='null' ....]
2022-10-06 23:31:47.317 INFO  [scheduling-1] ru.itm.bkdb.controllers.UpdateController Line:472 - location.location [id=187, name='road31', description='null' ....]
2022-10-06 23:31:47.317 INFO  [scheduling-1] ru.itm.bkdb.controllers.UpdateController Line:472 - location.location [id=147, name='wqwqw', description='null' ....]
2022-10-06 23:31:47.317 INFO  [scheduling-1] ru.itm.bkdb.controllers.UpdateController Line:472 - location.location [id=188, name='road32', description='null' ....]
2022-10-06 23:31:47.317 INFO  [scheduling-1] ru.itm.bkdb.controllers.UpdateController Line:472 - location.location [id=189, name='road33', description='null' ....]
2022-10-06 23:31:47.318 INFO  [scheduling-1] ru.itm.bkdb.controllers.UpdateController Line:472 - location.location [id=190, name='road34', description='null' ....]
2022-10-06 23:31:47.318 INFO  [scheduling-1] ru.itm.bkdb.controllers.UpdateController Line:472 - location.location [id=148, name='M04B260CE10501', description='null' ....]
2022-10-06 23:31:47.318 INFO  [scheduling-1] ru.itm.bkdb.controllers.UpdateController Line:472 - location.location [id=149, name='M04B260CE10502', description='null' ....]
2022-10-06 23:31:47.318 INFO  [scheduling-1] ru.itm.bkdb.controllers.UpdateController Line:472 - location.location [id=191, name='M04B260CE10503', description='null' ....]
2022-10-06 23:31:47.318 INFO  [scheduling-1] ru.itm.bkdb.controllers.UpdateController Line:472 - location.location [id=138, name='hole1', description='null' ....]
2022-10-06 23:31:47.318 INFO  [scheduling-1] ru.itm.bkdb.controllers.UpdateController Line:472 - location.location [id=140, name='hole2', description='null' ....]
2022-10-06 23:31:47.318 INFO  [scheduling-1] ru.itm.bkdb.controllers.UpdateController Line:472 - location.location [id=141, name='hole3', description='null' ....]
2022-10-06 23:31:47.318 INFO  [scheduling-1] ru.itm.bkdb.controllers.UpdateController Line:472 - location.location [id=142, name='hole4', description='null' ....]
2022-10-06 23:31:47.319 INFO  [scheduling-1] ru.itm.bkdb.controllers.UpdateController Line:472 - location.location [id=143, name='hole5', description='null' ....]
2022-10-06 23:31:47.319 INFO  [scheduling-1] ru.itm.bkdb.controllers.UpdateController Line:472 - location.location [id=139, name='hole6', description='null' ....]
2022-10-06 23:31:47.319 INFO  [scheduling-1] ru.itm.bkdb.controllers.UpdateController Line:472 - location.location [id=144, name='hole7', description='null' ....]
2022-10-06 23:31:47.319 INFO  [scheduling-1] ru.itm.bkdb.controllers.UpdateController Line:472 - location.location [id=51, name='отвал рудный1', description='null' ....]
2022-10-06 23:31:47.319 INFO  [scheduling-1] ru.itm.bkdb.controllers.UpdateController Line:472 - location.location [id=145, name='hole8', description='null' ....]
2022-10-06 23:31:47.319 INFO  [scheduling-1] ru.itm.bkdb.controllers.UpdateController Line:472 - location.location [id=26, name='test02', description='null' ....]
2022-10-06 23:31:47.319 INFO  [scheduling-1] ru.itm.bkdb.controllers.UpdateController Line:472 - location.location [id=126, name='Скважина126', description='null' ....]
2022-10-06 23:31:47.320 INFO  [scheduling-1] ru.itm.bkdb.controllers.UpdateController Line:472 - location.location [id=128, name='Скважина128', description='null' ....]
2022-10-06 23:31:47.320 INFO  [scheduling-1] ru.itm.bkdb.controllers.UpdateController Line:472 - location.location [id=129, name='Скважина129', description='null' ....]
2022-10-06 23:31:47.320 INFO  [scheduling-1] ru.itm.bkdb.controllers.UpdateController Line:472 - location.location [id=130, name='Скважина130', description='null' ....]
2022-10-06 23:31:47.320 INFO  [scheduling-1] ru.itm.bkdb.controllers.UpdateController Line:472 - location.location [id=137, name='Скважина137', description='null' ....]
2022-10-06 23:31:47.320 INFO  [scheduling-1] ru.itm.bkdb.controllers.UpdateController Line:472 - location.location [id=105, name='E04B260CE322061', description='null' ....]
2022-10-06 23:31:47.320 INFO  [scheduling-1] ru.itm.bkdb.controllers.UpdateController Line:472 - location.location [id=146, name='BB018321011', description='null' ....]
2022-10-06 23:31:47.320 INFO  [scheduling-1] ru.itm.bkdb.controllers.UpdateController Line:472 - location.location [id=88, name='testLo23c', description='null' ....]
2022-10-06 23:31:47.321 INFO  [scheduling-1] ru.itm.bkdb.controllers.UpdateController Line:472 - location.location [id=89, name='etetstste', description='null' ....]
2022-10-06 23:31:47.321 INFO  [scheduling-1] ru.itm.bkdb.controllers.UpdateController Line:472 - location.location [id=90, name='anothertest', description='null' ....]
2022-10-06 23:31:47.321 INFO  [scheduling-1] ru.itm.bkdb.controllers.UpdateController Line:472 - location.location [id=92, name='testtesttestt', description='null' ....]
2022-10-06 23:31:47.321 INFO  [scheduling-1] ru.itm.bkdb.controllers.UpdateController Line:472 - location.location [id=93, name='testttestteste', description='null' ....]
2022-10-06 23:31:47.321 INFO  [scheduling-1] ru.itm.bkdb.controllers.UpdateController Line:472 - location.location [id=9, name='testR', description='rr' ....]
2022-10-06 23:31:47.321 INFO  [scheduling-1] ru.itm.bkdb.controllers.UpdateController Line:472 - location.location [id=54, name='testLoc', description='null' ....]
2022-10-06 23:31:47.321 INFO  [scheduling-1] ru.itm.bkdb.controllers.UpdateController Line:472 - location.location [id=67, name='testLoc22222', description='null' ....]
2022-10-06 23:31:47.322 INFO  [scheduling-1] ru.itm.bkdb.controllers.UpdateController Line:472 - location.location [id=70, name='testetest', description='null' ....]
2022-10-06 23:31:47.322 INFO  [scheduling-1] ru.itm.bkdb.controllers.UpdateController Line:472 - location.location [id=71, name='testtestt', description='null' ....]
2022-10-06 23:31:47.322 INFO  [scheduling-1] ru.itm.bkdb.controllers.UpdateController Line:472 - location.location [id=73, name='testtestt2', description='null' ....]
2022-10-06 23:31:47.504 INFO  [scheduling-1] ru.itm.bkdb.controllers.UpdateController Line:455 - location = 15 in (TableVersion). The version of the table in the database has been updated.
2022-10-06 23:31:47.505 INFO  [scheduling-1] ru.itm.bkdb.controllers.UpdateController Line:373 - Table 'location'  has been updated.
2022-10-06 23:31:47.505 INFO  [scheduling-1] ru.itm.bkdb.controllers.UpdateController Line:396 - All tables have been updated
2022-10-06 23:32:05.219 INFO  [SpringApplicationShutdownHook] org.springframework.orm.jpa.LocalContainerEntityManagerFactoryBean Line:651 - Closing JPA EntityManagerFactory for persistence unit 'default'
2022-10-06 23:32:05.221 INFO  [SpringApplicationShutdownHook] com.zaxxer.hikari.HikariDataSource Line:350 - HikariPool-1 - Shutdown initiated...
2022-10-06 23:32:05.227 INFO  [SpringApplicationShutdownHook] com.zaxxer.hikari.HikariDataSource Line:352 - HikariPool-1 - Shutdown completed.
2022-10-06 23:33:54.129 INFO  [main] ru.itm.bkdb.BkdbApplication Line:55  - Starting BkdbApplication using Java 17.0.2 on itmComp with PID 25344 (/home/itm/yd/ITMiningYD/12/bk/bkdb/build/classes/java/main started by itm in /home/itm/yd/ITMiningYD/12/bk/bkdb)
2022-10-06 23:33:54.131 INFO  [main] ru.itm.bkdb.BkdbApplication Line:640 - The following 1 profile is active: "mainProfile"
2022-10-06 23:33:54.890 INFO  [main] org.springframework.data.repository.config.RepositoryConfigurationDelegate Line:132 - Bootstrapping Spring Data JPA repositories in DEFAULT mode.
2022-10-06 23:33:55.017 INFO  [main] org.springframework.data.repository.config.RepositoryConfigurationDelegate Line:201 - Finished Spring Data repository scanning in 118 ms. Found 63 JPA repository interfaces.
2022-10-06 23:33:55.530 INFO  [main] org.springframework.boot.web.embedded.tomcat.TomcatWebServer Line:108 - Tomcat initialized with port(s): 2700 (http)
2022-10-06 23:33:55.537 INFO  [main] org.apache.coyote.http11.Http11NioProtocol Line:173 - Initializing ProtocolHandler ["http-nio-2700"]
2022-10-06 23:33:55.538 INFO  [main] org.apache.catalina.core.StandardService Line:173 - Starting service [Tomcat]
2022-10-06 23:33:55.538 INFO  [main] org.apache.catalina.core.StandardEngine Line:173 - Starting Servlet engine: [Apache Tomcat/9.0.65]
2022-10-06 23:33:55.605 INFO  [main] org.apache.catalina.core.ContainerBase.[Tomcat].[localhost].[/] Line:173 - Initializing Spring embedded WebApplicationContext
2022-10-06 23:33:55.605 INFO  [main] org.springframework.boot.web.servlet.context.ServletWebServerApplicationContext Line:292 - Root WebApplicationContext: initialization completed in 1423 ms
2022-10-06 23:33:55.904 INFO  [main] org.hibernate.jpa.internal.util.LogHelper Line:31  - HHH000204: Processing PersistenceUnitInfo [name: default]
2022-10-06 23:33:55.934 INFO  [main] org.hibernate.Version Line:44  - HHH000412: Hibernate ORM core version 5.6.10.Final
2022-10-06 23:33:56.037 INFO  [main] org.hibernate.annotations.common.Version Line:56  - HCANN000001: Hibernate Commons Annotations {5.1.2.Final}
2022-10-06 23:33:56.120 INFO  [main] com.zaxxer.hikari.HikariDataSource Line:110 - HikariPool-1 - Starting...
2022-10-06 23:33:56.193 INFO  [main] com.zaxxer.hikari.HikariDataSource Line:123 - HikariPool-1 - Start completed.
2022-10-06 23:33:56.217 INFO  [main] org.hibernate.dialect.Dialect Line:175 - HHH000400: Using dialect: org.hibernate.dialect.H2Dialect
2022-10-06 23:33:57.047 INFO  [main] org.hibernate.engine.transaction.jta.platform.internal.JtaPlatformInitiator Line:52  - HHH000490: Using JtaPlatform implementation: [org.hibernate.engine.transaction.jta.platform.internal.NoJtaPlatform]
2022-10-06 23:33:57.053 INFO  [main] org.springframework.orm.jpa.LocalContainerEntityManagerFactoryBean Line:437 - Initialized JPA EntityManagerFactory for persistence unit 'default'
2022-10-06 23:33:58.884 INFO  [main] org.apache.coyote.http11.Http11NioProtocol Line:173 - Starting ProtocolHandler ["http-nio-2700"]
2022-10-06 23:33:58.898 INFO  [main] org.springframework.boot.web.embedded.tomcat.TomcatWebServer Line:220 - Tomcat started on port(s): 2700 (http) with context path ''
2022-10-06 23:33:58.960 INFO  [main] org.springframework.boot.web.embedded.tomcat.TomcatWebServer Line:108 - Tomcat initialized with port(s): 10055 (http)
2022-10-06 23:33:58.961 INFO  [main] org.apache.coyote.http11.Http11NioProtocol Line:173 - Initializing ProtocolHandler ["http-nio-10055"]
2022-10-06 23:33:58.961 INFO  [main] org.apache.catalina.core.StandardService Line:173 - Starting service [Tomcat]
2022-10-06 23:33:58.961 INFO  [main] org.apache.catalina.core.StandardEngine Line:173 - Starting Servlet engine: [Apache Tomcat/9.0.65]
2022-10-06 23:33:58.972 INFO  [main] org.apache.catalina.core.ContainerBase.[Tomcat-1].[localhost].[/] Line:173 - Initializing Spring embedded WebApplicationContext
2022-10-06 23:33:58.973 INFO  [main] org.springframework.boot.web.servlet.context.ServletWebServerApplicationContext Line:292 - Root WebApplicationContext: initialization completed in 69 ms
2022-10-06 23:33:58.983 INFO  [main] org.springframework.boot.actuate.endpoint.web.EndpointLinksResolver Line:58  - Exposing 14 endpoint(s) beneath base path '/actuator'
2022-10-06 23:33:59.011 INFO  [main] org.apache.coyote.http11.Http11NioProtocol Line:173 - Starting ProtocolHandler ["http-nio-10055"]
2022-10-06 23:33:59.014 INFO  [main] org.springframework.boot.web.embedded.tomcat.TomcatWebServer Line:220 - Tomcat started on port(s): 10055 (http) with context path ''
2022-10-06 23:33:59.031 INFO  [main] ru.itm.bkdb.BkdbApplication Line:61  - Started BkdbApplication in 5.277 seconds (JVM running for 5.692)
2022-10-06 23:33:59.037 INFO  [main] ru.itm.bkdb.controllers.UpdateController Line:101 - 
init = false
2022-10-06 23:33:59.183 INFO  [RMI TCP Connection(2)-127.0.0.1] org.apache.catalina.core.ContainerBase.[Tomcat].[localhost].[/] Line:173 - Initializing Spring DispatcherServlet 'dispatcherServlet'
2022-10-06 23:33:59.183 INFO  [RMI TCP Connection(2)-127.0.0.1] org.springframework.web.servlet.DispatcherServlet Line:525 - Initializing Servlet 'dispatcherServlet'
2022-10-06 23:33:59.185 INFO  [RMI TCP Connection(2)-127.0.0.1] org.springframework.web.servlet.DispatcherServlet Line:547 - Completed initialization in 2 ms
2022-10-06 23:34:19.136 INFO  [scheduling-1] ru.itm.bkdb.controllers.UpdateController Line:233 - No tables trans_ for update
2022-10-06 23:34:19.567 INFO  [scheduling-1] ru.itm.bkdb.controllers.UpdateController Line:344 - Response. Begin updating these tables :
	 {location=[15]}
2022-10-06 23:34:19.569 INFO  [scheduling-1] ru.itm.bkdb.controllers.UpdateController Line:350 - 
Update the table : location
2022-10-06 23:34:19.569 INFO  [scheduling-1] ru.itm.bkdb.controllers.UpdateController Line:351 - http://192.168.254.161:2600/api/v1/192.168.1.15/update/location
2022-10-06 23:34:19.769 INFO  [scheduling-1] ru.itm.bkdb.network.Request Line:38  - Response. The update came :	 ru.itm.bkdb.udp.DBModelContainer@3aa73f2d
2022-10-06 23:34:19.815 INFO  [scheduling-1] ru.itm.bkdb.controllers.UpdateController Line:472 - location.location [id=2, name='блок 1', description='null' ....]
2022-10-06 23:34:19.815 INFO  [scheduling-1] ru.itm.bkdb.controllers.UpdateController Line:472 - location.location [id=5, name='дорога 1', description='null' ....]
2022-10-06 23:34:19.815 INFO  [scheduling-1] ru.itm.bkdb.controllers.UpdateController Line:472 - location.location [id=6, name='дорога 2', description='null' ....]
2022-10-06 23:34:19.815 INFO  [scheduling-1] ru.itm.bkdb.controllers.UpdateController Line:472 - location.location [id=7, name='зона 1', description='testDesc' ....]
2022-10-06 23:34:19.816 INFO  [scheduling-1] ru.itm.bkdb.controllers.UpdateController Line:472 - location.location [id=10, name='testZone', description='trtr' ....]
2022-10-06 23:34:19.816 INFO  [scheduling-1] ru.itm.bkdb.controllers.UpdateController Line:472 - location.location [id=11, name='test2', description='tt12' ....]
2022-10-06 23:34:19.816 INFO  [scheduling-1] ru.itm.bkdb.controllers.UpdateController Line:472 - location.location [id=12, name='test3', description='tt3' ....]
2022-10-06 23:34:19.816 INFO  [scheduling-1] ru.itm.bkdb.controllers.UpdateController Line:472 - location.location [id=13, name='Стоянка', description='null' ....]
2022-10-06 23:34:19.816 INFO  [scheduling-1] ru.itm.bkdb.controllers.UpdateController Line:472 - location.location [id=14, name='test45', description='testd' ....]
2022-10-06 23:34:19.817 INFO  [scheduling-1] ru.itm.bkdb.controllers.UpdateController Line:472 - location.location [id=15, name='testCircle', description='testC' ....]
2022-10-06 23:34:19.817 INFO  [scheduling-1] ru.itm.bkdb.controllers.UpdateController Line:472 - location.location [id=16, name='testLocation', description='new map test' ....]
2022-10-06 23:34:19.817 INFO  [scheduling-1] ru.itm.bkdb.controllers.UpdateController Line:472 - location.location [id=17, name='testLoc2', description='test2' ....]
2022-10-06 23:34:19.817 INFO  [scheduling-1] ru.itm.bkdb.controllers.UpdateController Line:472 - location.location [id=18, name='testLoc3', description='test3' ....]
2022-10-06 23:34:19.817 INFO  [scheduling-1] ru.itm.bkdb.controllers.UpdateController Line:472 - location.location [id=19, name='test5', description='test5' ....]
2022-10-06 23:34:19.817 INFO  [scheduling-1] ru.itm.bkdb.controllers.UpdateController Line:472 - location.location [id=20, name='test33', description='33' ....]
2022-10-06 23:34:19.818 INFO  [scheduling-1] ru.itm.bkdb.controllers.UpdateController Line:472 - location.location [id=23, name='дорога 3', description='null' ....]
2022-10-06 23:34:19.818 INFO  [scheduling-1] ru.itm.bkdb.controllers.UpdateController Line:472 - location.location [id=24, name='дорога 4', description='null' ....]
2022-10-06 23:34:19.818 INFO  [scheduling-1] ru.itm.bkdb.controllers.UpdateController Line:472 - location.location [id=25, name='teest', description='' ....]
2022-10-06 23:34:19.818 INFO  [scheduling-1] ru.itm.bkdb.controllers.UpdateController Line:472 - location.location [id=27, name='testtest', description='null' ....]
2022-10-06 23:34:19.818 INFO  [scheduling-1] ru.itm.bkdb.controllers.UpdateController Line:472 - location.location [id=28, name='ycy', description='null' ....]
2022-10-06 23:34:19.818 INFO  [scheduling-1] ru.itm.bkdb.controllers.UpdateController Line:472 - location.location [id=29, name='д1', description='null' ....]
2022-10-06 23:34:19.819 INFO  [scheduling-1] ru.itm.bkdb.controllers.UpdateController Line:472 - location.location [id=30, name='д2', description='null' ....]
2022-10-06 23:34:19.819 INFO  [scheduling-1] ru.itm.bkdb.controllers.UpdateController Line:472 - location.location [id=31, name='д3', description='null' ....]
2022-10-06 23:34:19.819 INFO  [scheduling-1] ru.itm.bkdb.controllers.UpdateController Line:472 - location.location [id=32, name='д4', description='null' ....]
2022-10-06 23:34:19.819 INFO  [scheduling-1] ru.itm.bkdb.controllers.UpdateController Line:472 - location.location [id=34, name='testLocInh', description='null' ....]
2022-10-06 23:34:19.820 INFO  [scheduling-1] ru.itm.bkdb.controllers.UpdateController Line:472 - location.location [id=35, name='testLocs', description='null' ....]
2022-10-06 23:34:19.820 INFO  [scheduling-1] ru.itm.bkdb.controllers.UpdateController Line:472 - location.location [id=36, name='testLoc5', description='null' ....]
2022-10-06 23:34:19.820 INFO  [scheduling-1] ru.itm.bkdb.controllers.UpdateController Line:472 - location.location [id=37, name='testLoc6', description='null' ....]
2022-10-06 23:34:19.820 INFO  [scheduling-1] ru.itm.bkdb.controllers.UpdateController Line:472 - location.location [id=38, name='testLoc7', description='null' ....]
2022-10-06 23:34:19.820 INFO  [scheduling-1] ru.itm.bkdb.controllers.UpdateController Line:472 - location.location [id=39, name='Заправка 1', description='null' ....]
2022-10-06 23:34:19.821 INFO  [scheduling-1] ru.itm.bkdb.controllers.UpdateController Line:472 - location.location [id=41, name='проверочная дорога', description='null' ....]
2022-10-06 23:34:19.821 INFO  [scheduling-1] ru.itm.bkdb.controllers.UpdateController Line:472 - location.location [id=42, name='Весовая1', description='null' ....]
2022-10-06 23:34:19.821 INFO  [scheduling-1] ru.itm.bkdb.controllers.UpdateController Line:472 - location.location [id=43, name='Тест склад', description='Тест склад' ....]
2022-10-06 23:34:19.821 INFO  [scheduling-1] ru.itm.bkdb.controllers.UpdateController Line:472 - location.location [id=44, name='Test doroga', description='null' ....]
2022-10-06 23:34:19.822 INFO  [scheduling-1] ru.itm.bkdb.controllers.UpdateController Line:472 - location.location [id=45, name='Весовая2', description='null' ....]
2022-10-06 23:34:19.822 INFO  [scheduling-1] ru.itm.bkdb.controllers.UpdateController Line:472 - location.location [id=46, name='testnewLoc', description='null' ....]
2022-10-06 23:34:19.822 INFO  [scheduling-1] ru.itm.bkdb.controllers.UpdateController Line:472 - location.location [id=47, name='дорога', description='null' ....]
2022-10-06 23:34:19.822 INFO  [scheduling-1] ru.itm.bkdb.controllers.UpdateController Line:472 - location.location [id=48, name='9', description='null' ....]
2022-10-06 23:34:19.822 INFO  [scheduling-1] ru.itm.bkdb.controllers.UpdateController Line:472 - location.location [id=49, name='Тест весовая', description='null' ....]
2022-10-06 23:34:19.823 INFO  [scheduling-1] ru.itm.bkdb.controllers.UpdateController Line:472 - location.location [id=50, name='testtesttesttest', description='null' ....]
2022-10-06 23:34:19.823 INFO  [scheduling-1] ru.itm.bkdb.controllers.UpdateController Line:472 - location.location [id=97, name='teeest2', description='null' ....]
2022-10-06 23:34:19.823 INFO  [scheduling-1] ru.itm.bkdb.controllers.UpdateController Line:472 - location.location [id=76, name='refuel_zone1', description='null' ....]
2022-10-06 23:34:19.823 INFO  [scheduling-1] ru.itm.bkdb.controllers.UpdateController Line:472 - location.location [id=77, name='refuel_zone2', description='null' ....]
2022-10-06 23:34:19.823 INFO  [scheduling-1] ru.itm.bkdb.controllers.UpdateController Line:472 - location.location [id=78, name='refuel_zone3', description='null' ....]
2022-10-06 23:34:19.824 INFO  [scheduling-1] ru.itm.bkdb.controllers.UpdateController Line:472 - location.location [id=80, name='testCircleLoc', description='null' ....]
2022-10-06 23:34:19.824 INFO  [scheduling-1] ru.itm.bkdb.controllers.UpdateController Line:472 - location.location [id=79, name='drill_1', description='null' ....]
2022-10-06 23:34:19.824 INFO  [scheduling-1] ru.itm.bkdb.controllers.UpdateController Line:472 - location.location [id=81, name='drill2', description='null' ....]
2022-10-06 23:34:19.824 INFO  [scheduling-1] ru.itm.bkdb.controllers.UpdateController Line:472 - location.location [id=82, name='drill3', description='null' ....]
2022-10-06 23:34:19.824 INFO  [scheduling-1] ru.itm.bkdb.controllers.UpdateController Line:472 - location.location [id=83, name='drill4', description='null' ....]
2022-10-06 23:34:19.825 INFO  [scheduling-1] ru.itm.bkdb.controllers.UpdateController Line:472 - location.location [id=91, name='newloc1', description='null' ....]
2022-10-06 23:34:19.825 INFO  [scheduling-1] ru.itm.bkdb.controllers.UpdateController Line:472 - location.location [id=3, name='отвал 1', description='null' ....]
2022-10-06 23:34:19.825 INFO  [scheduling-1] ru.itm.bkdb.controllers.UpdateController Line:472 - location.location [id=40, name='Заправка 2', description='null' ....]
2022-10-06 23:34:19.825 INFO  [scheduling-1] ru.itm.bkdb.controllers.UpdateController Line:472 - location.location [id=103, name='tttest3', description='null' ....]
2022-10-06 23:34:19.825 INFO  [scheduling-1] ru.itm.bkdb.controllers.UpdateController Line:472 - location.location [id=33, name='ЗонаТЕСТ', description='null' ....]
2022-10-06 23:34:19.825 INFO  [scheduling-1] ru.itm.bkdb.controllers.UpdateController Line:472 - location.location [id=95, name='testt', description='null' ....]
2022-10-06 23:34:19.825 INFO  [scheduling-1] ru.itm.bkdb.controllers.UpdateController Line:472 - location.location [id=96, name='ttetest', description='null' ....]
2022-10-06 23:34:19.826 INFO  [scheduling-1] ru.itm.bkdb.controllers.UpdateController Line:472 - location.location [id=106, name='123123', description='321321' ....]
2022-10-06 23:34:19.826 INFO  [scheduling-1] ru.itm.bkdb.controllers.UpdateController Line:472 - location.location [id=1, name='M04B260CE10562', description='null' ....]
2022-10-06 23:34:19.826 INFO  [scheduling-1] ru.itm.bkdb.controllers.UpdateController Line:472 - location.location [id=102, name='check1', description='null' ....]
2022-10-06 23:34:19.826 INFO  [scheduling-1] ru.itm.bkdb.controllers.UpdateController Line:472 - location.location [id=104, name='ttttet', description='null' ....]
2022-10-06 23:34:19.826 INFO  [scheduling-1] ru.itm.bkdb.controllers.UpdateController Line:472 - location.location [id=100, name='Архангельский', description='null' ....]
2022-10-06 23:34:19.826 INFO  [scheduling-1] ru.itm.bkdb.controllers.UpdateController Line:472 - location.location [id=114, name='drill6', description='null' ....]
2022-10-06 23:34:19.826 INFO  [scheduling-1] ru.itm.bkdb.controllers.UpdateController Line:472 - location.location [id=113, name='drill5', description='null' ....]
2022-10-06 23:34:19.826 INFO  [scheduling-1] ru.itm.bkdb.controllers.UpdateController Line:472 - location.location [id=108, name='Скважина 1', description='null' ....]
2022-10-06 23:34:19.827 INFO  [scheduling-1] ru.itm.bkdb.controllers.UpdateController Line:472 - location.location [id=110, name='Скважина 2', description='null' ....]
2022-10-06 23:34:19.827 INFO  [scheduling-1] ru.itm.bkdb.controllers.UpdateController Line:472 - location.location [id=112, name='Скважина 4', description='null' ....]
2022-10-06 23:34:19.827 INFO  [scheduling-1] ru.itm.bkdb.controllers.UpdateController Line:472 - location.location [id=111, name='Скважина 3', description='null' ....]
2022-10-06 23:34:19.827 INFO  [scheduling-1] ru.itm.bkdb.controllers.UpdateController Line:472 - location.location [id=22, name='E04B260CE32206', description='null' ....]
2022-10-06 23:34:19.827 INFO  [scheduling-1] ru.itm.bkdb.controllers.UpdateController Line:472 - location.location [id=4, name='отвал 2', description='null' ....]
2022-10-06 23:34:19.827 INFO  [scheduling-1] ru.itm.bkdb.controllers.UpdateController Line:472 - location.location [id=8, name='отвал 3', description='' ....]
2022-10-06 23:34:19.828 INFO  [scheduling-1] ru.itm.bkdb.controllers.UpdateController Line:472 - location.location [id=99, name='отвал 4', description='null' ....]
2022-10-06 23:34:19.828 INFO  [scheduling-1] ru.itm.bkdb.controllers.UpdateController Line:472 - location.location [id=52, name='отвал рудный2', description='null' ....]
2022-10-06 23:34:19.828 INFO  [scheduling-1] ru.itm.bkdb.controllers.UpdateController Line:472 - location.location [id=53, name='отвал рудный3', description='null' ....]
2022-10-06 23:34:19.828 INFO  [scheduling-1] ru.itm.bkdb.controllers.UpdateController Line:472 - location.location [id=155, name='road00', description='null' ....]
2022-10-06 23:34:19.828 INFO  [scheduling-1] ru.itm.bkdb.controllers.UpdateController Line:472 - location.location [id=156, name='road0', description='null' ....]
2022-10-06 23:34:19.828 INFO  [scheduling-1] ru.itm.bkdb.controllers.UpdateController Line:472 - location.location [id=157, name='road1', description='null' ....]
2022-10-06 23:34:19.828 INFO  [scheduling-1] ru.itm.bkdb.controllers.UpdateController Line:472 - location.location [id=158, name='road2', description='null' ....]
2022-10-06 23:34:19.829 INFO  [scheduling-1] ru.itm.bkdb.controllers.UpdateController Line:472 - location.location [id=159, name='road3', description='null' ....]
2022-10-06 23:34:19.829 INFO  [scheduling-1] ru.itm.bkdb.controllers.UpdateController Line:472 - location.location [id=160, name='road4', description='null' ....]
2022-10-06 23:34:19.829 INFO  [scheduling-1] ru.itm.bkdb.controllers.UpdateController Line:472 - location.location [id=161, name='road5', description='null' ....]
2022-10-06 23:34:19.829 INFO  [scheduling-1] ru.itm.bkdb.controllers.UpdateController Line:472 - location.location [id=162, name='road6', description='null' ....]
2022-10-06 23:34:19.829 INFO  [scheduling-1] ru.itm.bkdb.controllers.UpdateController Line:472 - location.location [id=163, name='road7', description='null' ....]
2022-10-06 23:34:19.829 INFO  [scheduling-1] ru.itm.bkdb.controllers.UpdateController Line:472 - location.location [id=164, name='road8', description='null' ....]
2022-10-06 23:34:19.829 INFO  [scheduling-1] ru.itm.bkdb.controllers.UpdateController Line:472 - location.location [id=165, name='road9', description='null' ....]
2022-10-06 23:34:19.830 INFO  [scheduling-1] ru.itm.bkdb.controllers.UpdateController Line:472 - location.location [id=166, name='road10', description='null' ....]
2022-10-06 23:34:19.830 INFO  [scheduling-1] ru.itm.bkdb.controllers.UpdateController Line:472 - location.location [id=167, name='road11', description='null' ....]
2022-10-06 23:34:19.830 INFO  [scheduling-1] ru.itm.bkdb.controllers.UpdateController Line:472 - location.location [id=168, name='road12', description='null' ....]
2022-10-06 23:34:19.830 INFO  [scheduling-1] ru.itm.bkdb.controllers.UpdateController Line:472 - location.location [id=169, name='road13', description='null' ....]
2022-10-06 23:34:19.830 INFO  [scheduling-1] ru.itm.bkdb.controllers.UpdateController Line:472 - location.location [id=170, name='road14', description='null' ....]
2022-10-06 23:34:19.830 INFO  [scheduling-1] ru.itm.bkdb.controllers.UpdateController Line:472 - location.location [id=171, name='road15', description='null' ....]
2022-10-06 23:34:19.830 INFO  [scheduling-1] ru.itm.bkdb.controllers.UpdateController Line:472 - location.location [id=172, name='road16', description='null' ....]
2022-10-06 23:34:19.831 INFO  [scheduling-1] ru.itm.bkdb.controllers.UpdateController Line:472 - location.location [id=173, name='road17', description='null' ....]
2022-10-06 23:34:19.831 INFO  [scheduling-1] ru.itm.bkdb.controllers.UpdateController Line:472 - location.location [id=174, name='road18', description='null' ....]
2022-10-06 23:34:19.831 INFO  [scheduling-1] ru.itm.bkdb.controllers.UpdateController Line:472 - location.location [id=175, name='road19', description='null' ....]
2022-10-06 23:34:19.831 INFO  [scheduling-1] ru.itm.bkdb.controllers.UpdateController Line:472 - location.location [id=176, name='road20', description='null' ....]
2022-10-06 23:34:19.831 INFO  [scheduling-1] ru.itm.bkdb.controllers.UpdateController Line:472 - location.location [id=177, name='road21', description='null' ....]
2022-10-06 23:34:19.831 INFO  [scheduling-1] ru.itm.bkdb.controllers.UpdateController Line:472 - location.location [id=178, name='road22', description='null' ....]
2022-10-06 23:34:19.831 INFO  [scheduling-1] ru.itm.bkdb.controllers.UpdateController Line:472 - location.location [id=179, name='road23', description='null' ....]
2022-10-06 23:34:19.832 INFO  [scheduling-1] ru.itm.bkdb.controllers.UpdateController Line:472 - location.location [id=180, name='road24', description='null' ....]
2022-10-06 23:34:19.832 INFO  [scheduling-1] ru.itm.bkdb.controllers.UpdateController Line:472 - location.location [id=181, name='road25', description='null' ....]
2022-10-06 23:34:19.832 INFO  [scheduling-1] ru.itm.bkdb.controllers.UpdateController Line:472 - location.location [id=182, name='road26', description='null' ....]
2022-10-06 23:34:19.832 INFO  [scheduling-1] ru.itm.bkdb.controllers.UpdateController Line:472 - location.location [id=183, name='road27', description='null' ....]
2022-10-06 23:34:19.832 INFO  [scheduling-1] ru.itm.bkdb.controllers.UpdateController Line:472 - location.location [id=21, name='testtest123', description='tt' ....]
2022-10-06 23:34:19.832 INFO  [scheduling-1] ru.itm.bkdb.controllers.UpdateController Line:472 - location.location [id=124, name='Скважина124', description='null' ....]
2022-10-06 23:34:19.832 INFO  [scheduling-1] ru.itm.bkdb.controllers.UpdateController Line:472 - location.location [id=85, name='взрывной блок 1', description='null' ....]
2022-10-06 23:34:19.833 INFO  [scheduling-1] ru.itm.bkdb.controllers.UpdateController Line:472 - location.location [id=86, name='Ремзона', description='null' ....]
2022-10-06 23:34:19.833 INFO  [scheduling-1] ru.itm.bkdb.controllers.UpdateController Line:472 - location.location [id=101, name='M04B260CE13265', description='null' ....]
2022-10-06 23:34:19.833 INFO  [scheduling-1] ru.itm.bkdb.controllers.UpdateController Line:472 - location.location [id=87, name='взрывной блок 2', description='null' ....]
2022-10-06 23:34:19.833 INFO  [scheduling-1] ru.itm.bkdb.controllers.UpdateController Line:472 - location.location [id=184, name='road28', description='null' ....]
2022-10-06 23:34:19.833 INFO  [scheduling-1] ru.itm.bkdb.controllers.UpdateController Line:472 - location.location [id=185, name='road29', description='null' ....]
2022-10-06 23:34:19.833 INFO  [scheduling-1] ru.itm.bkdb.controllers.UpdateController Line:472 - location.location [id=186, name='road30', description='null' ....]
2022-10-06 23:34:19.833 INFO  [scheduling-1] ru.itm.bkdb.controllers.UpdateController Line:472 - location.location [id=187, name='road31', description='null' ....]
2022-10-06 23:34:19.833 INFO  [scheduling-1] ru.itm.bkdb.controllers.UpdateController Line:472 - location.location [id=147, name='wqwqw', description='null' ....]
2022-10-06 23:34:19.833 INFO  [scheduling-1] ru.itm.bkdb.controllers.UpdateController Line:472 - location.location [id=188, name='road32', description='null' ....]
2022-10-06 23:34:19.834 INFO  [scheduling-1] ru.itm.bkdb.controllers.UpdateController Line:472 - location.location [id=189, name='road33', description='null' ....]
2022-10-06 23:34:19.834 INFO  [scheduling-1] ru.itm.bkdb.controllers.UpdateController Line:472 - location.location [id=190, name='road34', description='null' ....]
2022-10-06 23:34:19.834 INFO  [scheduling-1] ru.itm.bkdb.controllers.UpdateController Line:472 - location.location [id=148, name='M04B260CE10501', description='null' ....]
2022-10-06 23:34:19.834 INFO  [scheduling-1] ru.itm.bkdb.controllers.UpdateController Line:472 - location.location [id=149, name='M04B260CE10502', description='null' ....]
2022-10-06 23:34:19.834 INFO  [scheduling-1] ru.itm.bkdb.controllers.UpdateController Line:472 - location.location [id=191, name='M04B260CE10503', description='null' ....]
2022-10-06 23:34:19.834 INFO  [scheduling-1] ru.itm.bkdb.controllers.UpdateController Line:472 - location.location [id=138, name='hole1', description='null' ....]
2022-10-06 23:34:19.834 INFO  [scheduling-1] ru.itm.bkdb.controllers.UpdateController Line:472 - location.location [id=140, name='hole2', description='null' ....]
2022-10-06 23:34:19.834 INFO  [scheduling-1] ru.itm.bkdb.controllers.UpdateController Line:472 - location.location [id=141, name='hole3', description='null' ....]
2022-10-06 23:34:19.835 INFO  [scheduling-1] ru.itm.bkdb.controllers.UpdateController Line:472 - location.location [id=142, name='hole4', description='null' ....]
2022-10-06 23:34:19.835 INFO  [scheduling-1] ru.itm.bkdb.controllers.UpdateController Line:472 - location.location [id=143, name='hole5', description='null' ....]
2022-10-06 23:34:19.835 INFO  [scheduling-1] ru.itm.bkdb.controllers.UpdateController Line:472 - location.location [id=139, name='hole6', description='null' ....]
2022-10-06 23:34:19.835 INFO  [scheduling-1] ru.itm.bkdb.controllers.UpdateController Line:472 - location.location [id=144, name='hole7', description='null' ....]
2022-10-06 23:34:19.835 INFO  [scheduling-1] ru.itm.bkdb.controllers.UpdateController Line:472 - location.location [id=51, name='отвал рудный1', description='null' ....]
2022-10-06 23:34:19.835 INFO  [scheduling-1] ru.itm.bkdb.controllers.UpdateController Line:472 - location.location [id=145, name='hole8', description='null' ....]
2022-10-06 23:34:19.835 INFO  [scheduling-1] ru.itm.bkdb.controllers.UpdateController Line:472 - location.location [id=26, name='test02', description='null' ....]
2022-10-06 23:34:19.836 INFO  [scheduling-1] ru.itm.bkdb.controllers.UpdateController Line:472 - location.location [id=126, name='Скважина126', description='null' ....]
2022-10-06 23:34:19.836 INFO  [scheduling-1] ru.itm.bkdb.controllers.UpdateController Line:472 - location.location [id=128, name='Скважина128', description='null' ....]
2022-10-06 23:34:19.836 INFO  [scheduling-1] ru.itm.bkdb.controllers.UpdateController Line:472 - location.location [id=129, name='Скважина129', description='null' ....]
2022-10-06 23:34:19.836 INFO  [scheduling-1] ru.itm.bkdb.controllers.UpdateController Line:472 - location.location [id=130, name='Скважина130', description='null' ....]
2022-10-06 23:34:19.836 INFO  [scheduling-1] ru.itm.bkdb.controllers.UpdateController Line:472 - location.location [id=137, name='Скважина137', description='null' ....]
2022-10-06 23:34:19.836 INFO  [scheduling-1] ru.itm.bkdb.controllers.UpdateController Line:472 - location.location [id=105, name='E04B260CE322061', description='null' ....]
2022-10-06 23:34:19.836 INFO  [scheduling-1] ru.itm.bkdb.controllers.UpdateController Line:472 - location.location [id=146, name='BB018321011', description='null' ....]
2022-10-06 23:34:19.836 INFO  [scheduling-1] ru.itm.bkdb.controllers.UpdateController Line:472 - location.location [id=88, name='testLo23c', description='null' ....]
2022-10-06 23:34:19.837 INFO  [scheduling-1] ru.itm.bkdb.controllers.UpdateController Line:472 - location.location [id=89, name='etetstste', description='null' ....]
2022-10-06 23:34:19.837 INFO  [scheduling-1] ru.itm.bkdb.controllers.UpdateController Line:472 - location.location [id=90, name='anothertest', description='null' ....]
2022-10-06 23:34:19.837 INFO  [scheduling-1] ru.itm.bkdb.controllers.UpdateController Line:472 - location.location [id=92, name='testtesttestt', description='null' ....]
2022-10-06 23:34:19.837 INFO  [scheduling-1] ru.itm.bkdb.controllers.UpdateController Line:472 - location.location [id=93, name='testttestteste', description='null' ....]
2022-10-06 23:34:19.837 INFO  [scheduling-1] ru.itm.bkdb.controllers.UpdateController Line:472 - location.location [id=9, name='testR', description='rr' ....]
2022-10-06 23:34:19.837 INFO  [scheduling-1] ru.itm.bkdb.controllers.UpdateController Line:472 - location.location [id=54, name='testLoc', description='null' ....]
2022-10-06 23:34:19.837 INFO  [scheduling-1] ru.itm.bkdb.controllers.UpdateController Line:472 - location.location [id=67, name='testLoc22222', description='null' ....]
2022-10-06 23:34:19.837 INFO  [scheduling-1] ru.itm.bkdb.controllers.UpdateController Line:472 - location.location [id=70, name='testetest', description='null' ....]
2022-10-06 23:34:19.837 INFO  [scheduling-1] ru.itm.bkdb.controllers.UpdateController Line:472 - location.location [id=71, name='testtestt', description='null' ....]
2022-10-06 23:34:19.838 INFO  [scheduling-1] ru.itm.bkdb.controllers.UpdateController Line:472 - location.location [id=73, name='testtestt2', description='null' ....]
2022-10-06 23:34:20.049 INFO  [scheduling-1] ru.itm.bkdb.controllers.UpdateController Line:455 - location = 15 in (TableVersion). The version of the table in the database has been updated.
2022-10-06 23:34:20.049 INFO  [scheduling-1] ru.itm.bkdb.controllers.UpdateController Line:373 - Table 'location'  has been updated.
2022-10-06 23:34:20.049 INFO  [scheduling-1] ru.itm.bkdb.controllers.UpdateController Line:396 - All tables have been updated
2022-10-06 23:34:37.445 INFO  [SpringApplicationShutdownHook] org.springframework.orm.jpa.LocalContainerEntityManagerFactoryBean Line:651 - Closing JPA EntityManagerFactory for persistence unit 'default'
2022-10-06 23:34:37.447 INFO  [SpringApplicationShutdownHook] com.zaxxer.hikari.HikariDataSource Line:350 - HikariPool-1 - Shutdown initiated...
2022-10-06 23:34:37.452 INFO  [SpringApplicationShutdownHook] com.zaxxer.hikari.HikariDataSource Line:352 - HikariPool-1 - Shutdown completed.
